Log file open, 06/29/19 14:08:47
LogWindows: Failed to load 'aqProf.dll' (GetLastError=126)
LogWindows: File 'aqProf.dll' does not exist
LogWindows: Failed to load 'VtuneApi.dll' (GetLastError=126)
LogWindows: File 'VtuneApi.dll' does not exist
LogWindows: Failed to load 'VtuneApi32e.dll' (GetLastError=126)
LogWindows: File 'VtuneApi32e.dll' does not exist
LogConsoleResponse: Display: Failed to find resolution value strings in scalability ini. Falling back to default.
LogInit: Display: Running engine for game: DnDQ
LogPakFile: Registered encryption key '00000000000000000000000000000000': 0 pak files mounted, 0 remain pending
LogPlatformFile: Not using cached read wrapper
LogTaskGraph: Started task graph with 5 named threads and 14 total threads with 3 sets of task threads.
LogStats: Stats thread started at 0.226022
LogD3D11RHI: Loaded GFSDK_Aftermath_Lib.x64.dll
LogICUInternationalization: ICU TimeZone Detection - Raw Offset: -5:00, Platform Override: ''
LogPluginManager: Mounting plugin Paper2D
LogPluginManager: Mounting plugin AISupport
LogPluginManager: Mounting plugin LightPropagationVolume
LogPluginManager: Mounting plugin ActorLayerUtilities
LogPluginManager: Mounting plugin AnimationSharing
LogPluginManager: Mounting plugin CLionSourceCodeAccess
LogPluginManager: Mounting plugin CodeLiteSourceCodeAccess
LogPluginManager: Mounting plugin GitSourceControl
LogPluginManager: Mounting plugin KDevelopSourceCodeAccess
LogPluginManager: Mounting plugin NullSourceCodeAccess
LogPluginManager: Mounting plugin PerforceSourceControl
LogPluginManager: Mounting plugin SubversionSourceControl
LogPluginManager: Mounting plugin UObjectPlugin
LogPluginManager: Mounting plugin VisualStudioCodeSourceCodeAccess
LogPluginManager: Mounting plugin VisualStudioSourceCodeAccess
LogPluginManager: Mounting plugin XCodeSourceCodeAccess
LogPluginManager: Mounting plugin AssetManagerEditor
LogPluginManager: Mounting plugin CryptoKeys
LogPluginManager: Mounting plugin DataValidation
LogPluginManager: Mounting plugin FacialAnimation
LogPluginManager: Mounting plugin GameplayTagsEditor
LogPluginManager: Mounting plugin MacGraphicsSwitching
LogPluginManager: Mounting plugin MaterialAnalyzer
LogPluginManager: Mounting plugin MobileLauncherProfileWizard
LogPluginManager: Mounting plugin PluginBrowser
LogPluginManager: Mounting plugin SpeedTreeImporter
LogPluginManager: Mounting plugin DatasmithContent
LogPluginManager: Mounting plugin VariantManagerContent
LogPluginManager: Mounting plugin AlembicImporter
LogPluginManager: Mounting plugin AppleImageUtils
LogPluginManager: Mounting plugin AppleVision
LogPluginManager: Mounting plugin BackChannel
LogPluginManager: Mounting plugin CharacterAI
LogPluginManager: Mounting plugin GeometryCache
LogPluginManager: Mounting plugin HTML5Networking
LogPluginManager: Mounting plugin ProxyLODPlugin
LogPluginManager: Mounting plugin SkeletalReduction
LogPluginManager: Mounting plugin MagicLeap
LogPluginManager: Mounting plugin MagicLeapMedia
LogPluginManager: Mounting plugin AndroidMedia
LogPluginManager: Mounting plugin AvfMedia
LogPluginManager: Mounting plugin ImgMedia
LogPluginManager: Mounting plugin LinearTimecode
LogPluginManager: Mounting plugin MediaCompositing
LogPluginManager: Mounting plugin MediaPlayerEditor
LogPluginManager: Mounting plugin WebMMedia
LogPluginManager: Mounting plugin WmfMedia
LogPluginManager: Mounting plugin TcpMessaging
LogPluginManager: Mounting plugin UdpMessaging
LogPluginManager: Mounting plugin ActorSequence
LogPluginManager: Mounting plugin LevelSequenceEditor
LogPluginManager: Mounting plugin MatineeToLevelSequence
LogPluginManager: Mounting plugin NetcodeUnitTest
LogPluginManager: Mounting plugin NUTUnrealEngine4
LogPluginManager: Mounting plugin OnlineSubsystemGooglePlay
LogPluginManager: Mounting plugin OnlineSubsystemIOS
LogPluginManager: Mounting plugin OnlineSubsystem
LogPluginManager: Mounting plugin OnlineSubsystemNull
LogPluginManager: Mounting plugin OnlineSubsystemUtils
LogPluginManager: Mounting plugin LauncherChunkInstaller
LogPluginManager: Mounting plugin AndroidDeviceProfileSelector
LogPluginManager: Mounting plugin AndroidMoviePlayer
LogPluginManager: Mounting plugin AndroidPermission
LogPluginManager: Mounting plugin AppleMoviePlayer
LogPluginManager: Mounting plugin ArchVisCharacter
LogPluginManager: Mounting plugin AudioCapture
LogPluginManager: Mounting plugin CableComponent
LogPluginManager: Mounting plugin CustomMeshComponent
LogPluginManager: Mounting plugin EditableMesh
LogPluginManager: Mounting plugin ExampleDeviceProfileSelector
LogPluginManager: Mounting plugin Firebase
LogPluginManager: Mounting plugin GoogleCloudMessaging
LogPluginManager: Mounting plugin IOSDeviceProfileSelector
LogPluginManager: Mounting plugin LinuxDeviceProfileSelector
LogPluginManager: Mounting plugin LocationServicesBPLibrary
LogPluginManager: Mounting plugin MobilePatchingUtils
LogPluginManager: Mounting plugin OculusVR
LogPluginManager: Mounting plugin PhysXVehicles
LogPluginManager: Mounting plugin ProceduralMeshComponent
LogPluginManager: Mounting plugin RuntimePhysXCooking
LogPluginManager: Mounting plugin SignificanceManager
LogPluginManager: Mounting plugin SteamVR
LogPluginManager: Mounting plugin WebMMoviePlayer
LogPluginManager: Mounting plugin WindowsMoviePlayer
LogInit: Using libcurl 7.55.1-DEV
LogInit:  - built for x86_64-pc-win32
LogInit:  - supports SSL with OpenSSL/1.1.1
LogInit:  - supports HTTP deflate (compression) using libz 1.2.8
LogInit:  - other features:
LogInit:      CURL_VERSION_SSL
LogInit:      CURL_VERSION_LIBZ
LogInit:      CURL_VERSION_IPV6
LogInit:      CURL_VERSION_ASYNCHDNS
LogInit:      CURL_VERSION_LARGEFILE
LogInit:      CURL_VERSION_IDN
LogInit:  CurlRequestOptions (configurable via config and command line):
LogInit:  - bVerifyPeer = true  - Libcurl will verify peer certificate
LogInit:  - bUseHttpProxy = false  - Libcurl will NOT use HTTP proxy
LogInit:  - bDontReuseConnections = false  - Libcurl will reuse connections
LogInit:  - MaxHostConnections = 16  - Libcurl will limit the number of connections to a host
LogInit:  - LocalHostAddr = Default
LogInit:  - BufferSize = 65536
LogInit: WinSock: version 1.1 (2.2), MaxSocks=32767, MaxUdp=65467
LogInit: Build: ++UE4+Release-4.22-CL-7053642
LogInit: Engine Version: 4.22.3-7053642+++UE4+Release-4.22
LogInit: Compatible Engine Version: 4.22.0-5660361+++UE4+Release-4.22
LogInit: Net CL: 5660361
LogInit: OS: Windows 10 (Release 1803) (), CPU: Intel(R) Core(TM) i5-6300HQ CPU @ 2.30GHz, GPU: Intel(R) HD Graphics 530
LogInit: Compiled (64-bit): Jun 18 2019 03:09:11
LogInit: Compiled with Visual C++: 19.16.27025.01
LogInit: Build Configuration: Development
LogInit: Branch Name: ++UE4+Release-4.22
LogInit: Command Line:  -EpicPortal -epicusername=Fruitstrike -epicuserid=9e139ec670cc4cd5a28e4cc5b9bc3777 -epiclocale=en-US
LogInit: Base Directory: C:/Program Files/Epic Games/UE_4.22/Engine/Binaries/Win64/
LogInit: Installed Engine Build: 1
LogDevObjectVersion: Number of dev versions registered: 23
LogDevObjectVersion:   Dev-Blueprints (B0D832E4-1F89-4F0D-ACCF-7EB736FD4AA2): 10
LogDevObjectVersion:   Dev-Build (E1C64328-A22C-4D53-A36C-8E866417BD8C): 0
LogDevObjectVersion:   Dev-Core (375EC13C-06E4-48FB-B500-84F0262A717E): 3
LogDevObjectVersion:   Dev-Editor (E4B068ED-F494-42E9-A231-DA0B2E46BB41): 30
LogDevObjectVersion:   Dev-Framework (CFFC743F-43B0-4480-9391-14DF171D2073): 35
LogDevObjectVersion:   Dev-Mobile (B02B49B5-BB20-44E9-A304-32B752E40360): 2
LogDevObjectVersion:   Dev-Networking (A4E4105C-59A1-49B5-A7C5-40C4547EDFEE): 0
LogDevObjectVersion:   Dev-Online (39C831C9-5AE6-47DC-9A44-9C173E1C8E7C): 0
LogDevObjectVersion:   Dev-Physics (78F01B33-EBEA-4F98-B9B4-84EACCB95AA2): 0
LogDevObjectVersion:   Dev-Platform (6631380F-2D4D-43E0-8009-CF276956A95A): 0
LogDevObjectVersion:   Dev-Rendering (12F88B9F-8875-4AFC-A67C-D90C383ABD29): 28
LogDevObjectVersion:   Dev-Sequencer (7B5AE74C-D270-4C10-A958-57980B212A5A): 11
LogDevObjectVersion:   Dev-VR (D7296918-1DD6-4BDD-9DE2-64A83CC13884): 2
LogDevObjectVersion:   Dev-LoadTimes (C2A15278-BFE7-4AFE-6C17-90FF531DF755): 1
LogDevObjectVersion:   Private-Geometry (6EACA3D4-40EC-4CC1-B786-8BED09428FC5): 3
LogDevObjectVersion:   Dev-AnimPhys (29E575DD-E0A3-4627-9D10-D276232CDCEA): 17
LogDevObjectVersion:   Dev-Anim (AF43A65D-7FD3-4947-9873-3E8ED9C1BB05): 2
LogDevObjectVersion:   Dev-ReflectionCapture (6B266CEC-1EC7-4B8F-A30B-E4D90942FC07): 1
LogDevObjectVersion:   Dev-Automation (0DF73D61-A23F-47EA-B727-89E90C41499A): 1
LogDevObjectVersion:   FortniteMain (601D1886-AC64-4F84-AA16-D3DE0DEAC7D6): 25
LogDevObjectVersion:   Dev-Enterprise (9DFFBCD6-494F-0158-E221-12823C92A888): 6
LogDevObjectVersion:   Dev-Niagara (F2AED0AC-9AFE-416F-8664-AA7FFA26D6FC): 1
LogDevObjectVersion:   Dev-Destruction (174F1F0B-B4C6-45A5-B13F-2EE8D0FB917D): 2
LogInit: Presizing for max 16777216 objects, including 0 objects not considered by GC, pre-allocating 0 bytes for permanent pool.
LogInit: Object subsystem initialized
LogConfig: Setting CVar [[con.DebugEarlyDefault:1]]
LogConfig: Setting CVar [[r.setres:1280x720]]
[2019.06.29-18.08.48:278][  0]LogConfig: Setting CVar [[r.VSync:0]]
[2019.06.29-18.08.48:278][  0]LogConfig: Setting CVar [[r.RHICmdBypass:0]]
[2019.06.29-18.08.48:278][  0]LogConfig: Applying CVar settings from Section [/Script/Engine.RendererSettings] File [C:/Users/Fruitstrike-L/Documents/GitHub/DnDQ/DnDQ/Saved/Config/Windows/Engine.ini]
[2019.06.29-18.08.48:278][  0]LogConfig: Setting CVar [[r.GPUCrashDebugging:0]]
[2019.06.29-18.08.48:278][  0]LogConfig: Setting CVar [[r.DefaultFeature.AutoExposure.ExtendDefaultLuminanceRange:1]]
[2019.06.29-18.08.48:278][  0]LogConfig: Applying CVar settings from Section [/Script/Engine.RendererOverrideSettings] File [C:/Users/Fruitstrike-L/Documents/GitHub/DnDQ/DnDQ/Saved/Config/Windows/Engine.ini]
[2019.06.29-18.08.48:278][  0]LogConfig: Applying CVar settings from Section [/Script/Engine.StreamingSettings] File [C:/Users/Fruitstrike-L/Documents/GitHub/DnDQ/DnDQ/Saved/Config/Windows/Engine.ini]
[2019.06.29-18.08.48:278][  0]LogConfig: Setting CVar [[s.MinBulkDataSizeForAsyncLoading:131072]]
[2019.06.29-18.08.48:278][  0]LogConfig: Setting CVar [[s.AsyncLoadingThreadEnabled:0]]
[2019.06.29-18.08.48:278][  0]LogConfig: Setting CVar [[s.EventDrivenLoaderEnabled:1]]
[2019.06.29-18.08.48:278][  0]LogConfig: Setting CVar [[s.WarnIfTimeLimitExceeded:0]]
[2019.06.29-18.08.48:278][  0]LogConfig: Setting CVar [[s.TimeLimitExceededMultiplier:1.5]]
[2019.06.29-18.08.48:278][  0]LogConfig: Setting CVar [[s.TimeLimitExceededMinTime:0.005]]
[2019.06.29-18.08.48:278][  0]LogConfig: Setting CVar [[s.UseBackgroundLevelStreaming:1]]
[2019.06.29-18.08.48:278][  0]LogConfig: Setting CVar [[s.PriorityAsyncLoadingExtraTime:15.0]]
[2019.06.29-18.08.48:278][  0]LogConfig: Setting CVar [[s.LevelStreamingActorsUpdateTimeLimit:5.0]]
[2019.06.29-18.08.48:278][  0]LogConfig: Setting CVar [[s.PriorityLevelStreamingActorsUpdateExtraTime:5.0]]
[2019.06.29-18.08.48:278][  0]LogConfig: Setting CVar [[s.LevelStreamingComponentsRegistrationGranularity:10]]
[2019.06.29-18.08.48:278][  0]LogConfig: Setting CVar [[s.UnregisterComponentsTimeLimit:1.0]]
[2019.06.29-18.08.48:278][  0]LogConfig: Setting CVar [[s.LevelStreamingComponentsUnregistrationGranularity:5]]
[2019.06.29-18.08.48:278][  0]LogConfig: Applying CVar settings from Section [/Script/Engine.GarbageCollectionSettings] File [C:/Users/Fruitstrike-L/Documents/GitHub/DnDQ/DnDQ/Saved/Config/Windows/Engine.ini]
[2019.06.29-18.08.48:278][  0]LogConfig: Setting CVar [[gc.MaxObjectsNotConsideredByGC:1]]
[2019.06.29-18.08.48:278][  0]LogConfig: Setting CVar [[gc.SizeOfPermanentObjectPool:0]]
[2019.06.29-18.08.48:278][  0]LogConfig: Setting CVar [[gc.FlushStreamingOnGC:0]]
[2019.06.29-18.08.48:278][  0]LogConfig: Setting CVar [[gc.NumRetriesBeforeForcingGC:10]]
[2019.06.29-18.08.48:279][  0]LogConfig: Setting CVar [[gc.AllowParallelGC:1]]
[2019.06.29-18.08.48:279][  0]LogConfig: Setting CVar [[gc.TimeBetweenPurgingPendingKillObjects:61.1]]
[2019.06.29-18.08.48:279][  0]LogConfig: Setting CVar [[gc.MaxObjectsInEditor:16777216]]
[2019.06.29-18.08.48:279][  0]LogConfig: Setting CVar [[gc.IncrementalBeginDestroyEnabled:1]]
[2019.06.29-18.08.48:279][  0]LogConfig: Setting CVar [[gc.CreateGCClusters:1]]
[2019.06.29-18.08.48:279][  0]LogConfig: Setting CVar [[gc.MinGCClusterSize:5]]
[2019.06.29-18.08.48:279][  0]LogConfig: Setting CVar [[gc.ActorClusteringEnabled:0]]
[2019.06.29-18.08.48:279][  0]LogConfig: Setting CVar [[gc.BlueprintClusteringEnabled:0]]
[2019.06.29-18.08.48:279][  0]LogConfig: Setting CVar [[gc.UseDisregardForGCOnDedicatedServers:0]]
[2019.06.29-18.08.48:279][  0]LogConfig: Applying CVar settings from Section [/Script/Engine.NetworkSettings] File [C:/Users/Fruitstrike-L/Documents/GitHub/DnDQ/DnDQ/Saved/Config/Windows/Engine.ini]
[2019.06.29-18.08.48:279][  0]LogConfig: Applying CVar settings from Section [/Script/UnrealEd.CookerSettings] File [C:/Users/Fruitstrike-L/Documents/GitHub/DnDQ/DnDQ/Saved/Config/Windows/Engine.ini]
[2019.06.29-18.08.48:282][  0]LogConfig: Applying CVar settings from Section [ViewDistanceQuality@3] File [C:/Users/Fruitstrike-L/Documents/GitHub/DnDQ/DnDQ/Saved/Config/Windows/Scalability.ini]
[2019.06.29-18.08.48:282][  0]LogConfig: Setting CVar [[r.SkeletalMeshLODBias:0]]
[2019.06.29-18.08.48:282][  0]LogConfig: Setting CVar [[r.ViewDistanceScale:1.0]]
[2019.06.29-18.08.48:282][  0]LogConfig: Applying CVar settings from Section [AntiAliasingQuality@3] File [C:/Users/Fruitstrike-L/Documents/GitHub/DnDQ/DnDQ/Saved/Config/Windows/Scalability.ini]
[2019.06.29-18.08.48:282][  0]LogConfig: Setting CVar [[r.PostProcessAAQuality:4]]
[2019.06.29-18.08.48:282][  0]LogConfig: Applying CVar settings from Section [ShadowQuality@3] File [C:/Users/Fruitstrike-L/Documents/GitHub/DnDQ/DnDQ/Saved/Config/Windows/Scalability.ini]
[2019.06.29-18.08.48:282][  0]LogConfig: Setting CVar [[r.LightFunctionQuality:1]]
[2019.06.29-18.08.48:282][  0]LogConfig: Setting CVar [[r.ShadowQuality:5]]
[2019.06.29-18.08.48:282][  0]LogConfig: Setting CVar [[r.Shadow.CSM.MaxCascades:10]]
[2019.06.29-18.08.48:282][  0]LogConfig: Setting CVar [[r.Shadow.MaxResolution:2048]]
[2019.06.29-18.08.48:283][  0]LogConfig: Setting CVar [[r.Shadow.MaxCSMResolution:2048]]
[2019.06.29-18.08.48:283][  0]LogConfig: Setting CVar [[r.Shadow.RadiusThreshold:0.01]]
[2019.06.29-18.08.48:283][  0]LogConfig: Setting CVar [[r.Shadow.DistanceScale:1.0]]
[2019.06.29-18.08.48:283][  0]LogConfig: Setting CVar [[r.Shadow.CSM.TransitionScale:1.0]]
[2019.06.29-18.08.48:283][  0]LogConfig: Setting CVar [[r.Shadow.PreShadowResolutionFactor:1.0]]
[2019.06.29-18.08.48:283][  0]LogConfig: Setting CVar [[r.DistanceFieldShadowing:1]]
[2019.06.29-18.08.48:283][  0]LogConfig: Setting CVar [[r.DistanceFieldAO:1]]
[2019.06.29-18.08.48:283][  0]LogConfig: Setting CVar [[r.AOQuality:2]]
[2019.06.29-18.08.48:283][  0]LogConfig: Setting CVar [[r.VolumetricFog:1]]
[2019.06.29-18.08.48:283][  0]LogConfig: Setting CVar [[r.VolumetricFog.GridPixelSize:8]]
[2019.06.29-18.08.48:283][  0]LogConfig: Setting CVar [[r.VolumetricFog.GridSizeZ:128]]
[2019.06.29-18.08.48:283][  0]LogConfig: Setting CVar [[r.VolumetricFog.HistoryMissSupersampleCount:4]]
[2019.06.29-18.08.48:283][  0]LogConfig: Setting CVar [[r.LightMaxDrawDistanceScale:1]]
[2019.06.29-18.08.48:283][  0]LogConfig: Setting CVar [[r.CapsuleShadows:1]]
[2019.06.29-18.08.48:283][  0]LogConfig: Applying CVar settings from Section [PostProcessQuality@3] File [C:/Users/Fruitstrike-L/Documents/GitHub/DnDQ/DnDQ/Saved/Config/Windows/Scalability.ini]
[2019.06.29-18.08.48:283][  0]LogConfig: Setting CVar [[r.MotionBlurQuality:4]]
[2019.06.29-18.08.48:283][  0]LogConfig: Setting CVar [[r.AmbientOcclusionMipLevelFactor:0.4]]
[2019.06.29-18.08.48:283][  0]LogConfig: Setting CVar [[r.AmbientOcclusionMaxQuality:100]]
[2019.06.29-18.08.48:283][  0]LogConfig: Setting CVar [[r.AmbientOcclusionLevels:-1]]
[2019.06.29-18.08.48:283][  0]LogConfig: Setting CVar [[r.AmbientOcclusionRadiusScale:1.0]]
[2019.06.29-18.08.48:283][  0]LogConfig: Setting CVar [[r.DepthOfFieldQuality:2]]
[2019.06.29-18.08.48:283][  0]LogConfig: Setting CVar [[r.RenderTargetPoolMin:400]]
[2019.06.29-18.08.48:283][  0]LogConfig: Setting CVar [[r.LensFlareQuality:2]]
[2019.06.29-18.08.48:283][  0]LogConfig: Setting CVar [[r.SceneColorFringeQuality:1]]
[2019.06.29-18.08.48:283][  0]LogConfig: Setting CVar [[r.EyeAdaptationQuality:2]]
[2019.06.29-18.08.48:283][  0]LogConfig: Setting CVar [[r.BloomQuality:5]]
[2019.06.29-18.08.48:283][  0]LogConfig: Setting CVar [[r.FastBlurThreshold:100]]
[2019.06.29-18.08.48:283][  0]LogConfig: Setting CVar [[r.Upscale.Quality:3]]
[2019.06.29-18.08.48:283][  0]LogConfig: Setting CVar [[r.Tonemapper.GrainQuantization:1]]
[2019.06.29-18.08.48:283][  0]LogConfig: Setting CVar [[r.LightShaftQuality:1]]
[2019.06.29-18.08.48:283][  0]LogConfig: Setting CVar [[r.Filter.SizeScale:1]]
[2019.06.29-18.08.48:283][  0]LogConfig: Setting CVar [[r.Tonemapper.Quality:5]]
[2019.06.29-18.08.48:283][  0]LogConfig: Setting CVar [[r.DOF.Gather.AccumulatorQuality:1        ; higher gathering accumulator quality]]
[2019.06.29-18.08.48:283][  0]LogConfig: Setting CVar [[r.DOF.Gather.PostfilterMethod:1          ; Median3x3 postfilering method]]
[2019.06.29-18.08.48:283][  0]LogConfig: Setting CVar [[r.DOF.Gather.EnableBokehSettings:0       ; no bokeh simulation when gathering]]
[2019.06.29-18.08.48:283][  0]LogConfig: Setting CVar [[r.DOF.Gather.RingCount:4                 ; medium number of samples when gathering]]
[2019.06.29-18.08.48:283][  0]LogConfig: Setting CVar [[r.DOF.Scatter.ForegroundCompositing:1    ; additive foreground scattering]]
[2019.06.29-18.08.48:283][  0]LogConfig: Setting CVar [[r.DOF.Scatter.BackgroundCompositing:2    ; additive background scattering]]
[2019.06.29-18.08.48:283][  0]LogConfig: Setting CVar [[r.DOF.Scatter.EnableBokehSettings:1      ; bokeh simulation when scattering]]
[2019.06.29-18.08.48:283][  0]LogConfig: Setting CVar [[r.DOF.Scatter.MaxSpriteRatio:0.1         ; only a maximum of 10% of scattered bokeh]]
[2019.06.29-18.08.48:283][  0]LogConfig: Setting CVar [[r.DOF.Recombine.Quality:1                ; cheap slight out of focus]]
[2019.06.29-18.08.48:283][  0]LogConfig: Setting CVar [[r.DOF.Recombine.EnableBokehSettings:0    ; no bokeh simulation on slight out of focus]]
[2019.06.29-18.08.48:283][  0]LogConfig: Setting CVar [[r.DOF.TemporalAAQuality:1                ; more stable temporal accumulation]]
[2019.06.29-18.08.48:283][  0]LogConfig: Setting CVar [[r.DOF.Kernel.MaxForegroundRadius:0.025]]
[2019.06.29-18.08.48:283][  0]LogConfig: Setting CVar [[r.DOF.Kernel.MaxBackgroundRadius:0.025]]
[2019.06.29-18.08.48:283][  0]LogConfig: Applying CVar settings from Section [TextureQuality@3] File [C:/Users/Fruitstrike-L/Documents/GitHub/DnDQ/DnDQ/Saved/Config/Windows/Scalability.ini]
[2019.06.29-18.08.48:283][  0]LogConfig: Setting CVar [[r.Streaming.MipBias:0]]
[2019.06.29-18.08.48:283][  0]LogConfig: Setting CVar [[r.Streaming.AmortizeCPUToGPUCopy:0]]
[2019.06.29-18.08.48:283][  0]LogConfig: Setting CVar [[r.Streaming.MaxNumTexturesToStreamPerFrame:0]]
[2019.06.29-18.08.48:283][  0]LogConfig: Setting CVar [[r.Streaming.Boost:1]]
[2019.06.29-18.08.48:283][  0]LogConfig: Setting CVar [[r.MaxAnisotropy:8]]
[2019.06.29-18.08.48:284][  0]LogConfig: Setting CVar [[r.Streaming.LimitPoolSizeToVRAM:0]]
[2019.06.29-18.08.48:284][  0]LogConfig: Setting CVar [[r.Streaming.PoolSize:1000]]
[2019.06.29-18.08.48:284][  0]LogConfig: Setting CVar [[r.Streaming.MaxEffectiveScreenSize:0]]
[2019.06.29-18.08.48:284][  0]LogConfig: Applying CVar settings from Section [EffectsQuality@3] File [C:/Users/Fruitstrike-L/Documents/GitHub/DnDQ/DnDQ/Saved/Config/Windows/Scalability.ini]
[2019.06.29-18.08.48:284][  0]LogConfig: Setting CVar [[r.TranslucencyLightingVolumeDim:64]]
[2019.06.29-18.08.48:284][  0]LogConfig: Setting CVar [[r.RefractionQuality:2]]
[2019.06.29-18.08.48:284][  0]LogConfig: Setting CVar [[r.SSR.Quality:3]]
[2019.06.29-18.08.48:284][  0]LogConfig: Setting CVar [[r.SceneColorFormat:4]]
[2019.06.29-18.08.48:284][  0]LogConfig: Setting CVar [[r.DetailMode:2]]
[2019.06.29-18.08.48:284][  0]LogConfig: Setting CVar [[r.TranslucencyVolumeBlur:1]]
[2019.06.29-18.08.48:284][  0]LogConfig: Setting CVar [[r.MaterialQualityLevel:1 ; High quality]]
[2019.06.29-18.08.48:284][  0]LogConfig: Setting CVar [[r.SSS.Scale:1]]
[2019.06.29-18.08.48:284][  0]LogConfig: Setting CVar [[r.SSS.SampleSet:2]]
[2019.06.29-18.08.48:284][  0]LogConfig: Setting CVar [[r.SSS.Quality:1]]
[2019.06.29-18.08.48:284][  0]LogConfig: Setting CVar [[r.SSS.HalfRes:1]]
[2019.06.29-18.08.48:284][  0]LogConfig: Setting CVar [[r.EmitterSpawnRateScale:1.0]]
[2019.06.29-18.08.48:284][  0]LogConfig: Setting CVar [[r.ParticleLightQuality:2]]
[2019.06.29-18.08.48:284][  0]LogConfig: Applying CVar settings from Section [FoliageQuality@3] File [C:/Users/Fruitstrike-L/Documents/GitHub/DnDQ/DnDQ/Saved/Config/Windows/Scalability.ini]
[2019.06.29-18.08.48:284][  0]LogConfig: Setting CVar [[foliage.DensityScale:1.0]]
[2019.06.29-18.08.48:284][  0]LogConfig: Setting CVar [[grass.DensityScale:1.0]]
[2019.06.29-18.08.48:284][  0]LogInit: Selected Device Profile: [Windows]
[2019.06.29-18.08.48:284][  0]LogInit: Applying CVar settings loaded from the selected device profile: [Windows]
[2019.06.29-18.08.48:301][  0]LogHAL: Display: Platform has ~ 8 GB [8457039872 / 8589934592 / 8], which maps to Default [LargestMinGB=32, LargerMinGB=12, DefaultMinGB=8, SmallerMinGB=6, SmallestMinGB=0)
[2019.06.29-18.08.48:301][  0]LogConfig: Setting CVar [[r.Vulkan.UseRealUBs:0		; Required until we fix HLR fall-out]]
[2019.06.29-18.08.48:301][  0]LogInit: Going up to parent DeviceProfile []
[2019.06.29-18.08.48:301][  0]LogConfig: Applying CVar settings from Section [ViewDistanceQuality@3] File [C:/Users/Fruitstrike-L/Documents/GitHub/DnDQ/DnDQ/Saved/Config/Windows/Scalability.ini]
[2019.06.29-18.08.48:301][  0]LogConfig: Setting CVar [[r.SkeletalMeshLODBias:0]]
[2019.06.29-18.08.48:301][  0]LogConfig: Setting CVar [[r.ViewDistanceScale:1.0]]
[2019.06.29-18.08.48:301][  0]LogConfig: Applying CVar settings from Section [AntiAliasingQuality@3] File [C:/Users/Fruitstrike-L/Documents/GitHub/DnDQ/DnDQ/Saved/Config/Windows/Scalability.ini]
[2019.06.29-18.08.48:301][  0]LogConfig: Setting CVar [[r.PostProcessAAQuality:4]]
[2019.06.29-18.08.48:301][  0]LogConfig: Applying CVar settings from Section [ShadowQuality@3] File [C:/Users/Fruitstrike-L/Documents/GitHub/DnDQ/DnDQ/Saved/Config/Windows/Scalability.ini]
[2019.06.29-18.08.48:301][  0]LogConfig: Setting CVar [[r.LightFunctionQuality:1]]
[2019.06.29-18.08.48:301][  0]LogConfig: Setting CVar [[r.ShadowQuality:5]]
[2019.06.29-18.08.48:301][  0]LogConfig: Setting CVar [[r.Shadow.CSM.MaxCascades:10]]
[2019.06.29-18.08.48:301][  0]LogConfig: Setting CVar [[r.Shadow.MaxResolution:2048]]
[2019.06.29-18.08.48:301][  0]LogConfig: Setting CVar [[r.Shadow.MaxCSMResolution:2048]]
[2019.06.29-18.08.48:301][  0]LogConfig: Setting CVar [[r.Shadow.RadiusThreshold:0.01]]
[2019.06.29-18.08.48:301][  0]LogConfig: Setting CVar [[r.Shadow.DistanceScale:1.0]]
[2019.06.29-18.08.48:301][  0]LogConfig: Setting CVar [[r.Shadow.CSM.TransitionScale:1.0]]
[2019.06.29-18.08.48:302][  0]LogConfig: Setting CVar [[r.Shadow.PreShadowResolutionFactor:1.0]]
[2019.06.29-18.08.48:302][  0]LogConfig: Setting CVar [[r.DistanceFieldShadowing:1]]
[2019.06.29-18.08.48:302][  0]LogConfig: Setting CVar [[r.DistanceFieldAO:1]]
[2019.06.29-18.08.48:302][  0]LogConfig: Setting CVar [[r.AOQuality:2]]
[2019.06.29-18.08.48:302][  0]LogConfig: Setting CVar [[r.VolumetricFog:1]]
[2019.06.29-18.08.48:302][  0]LogConfig: Setting CVar [[r.VolumetricFog.GridPixelSize:8]]
[2019.06.29-18.08.48:302][  0]LogConfig: Setting CVar [[r.VolumetricFog.GridSizeZ:128]]
[2019.06.29-18.08.48:302][  0]LogConfig: Setting CVar [[r.VolumetricFog.HistoryMissSupersampleCount:4]]
[2019.06.29-18.08.48:302][  0]LogConfig: Setting CVar [[r.LightMaxDrawDistanceScale:1]]
[2019.06.29-18.08.48:302][  0]LogConfig: Setting CVar [[r.CapsuleShadows:1]]
[2019.06.29-18.08.48:302][  0]LogConfig: Applying CVar settings from Section [PostProcessQuality@3] File [C:/Users/Fruitstrike-L/Documents/GitHub/DnDQ/DnDQ/Saved/Config/Windows/Scalability.ini]
[2019.06.29-18.08.48:302][  0]LogConfig: Setting CVar [[r.MotionBlurQuality:4]]
[2019.06.29-18.08.48:302][  0]LogConfig: Setting CVar [[r.AmbientOcclusionMipLevelFactor:0.4]]
[2019.06.29-18.08.48:302][  0]LogConfig: Setting CVar [[r.AmbientOcclusionMaxQuality:100]]
[2019.06.29-18.08.48:302][  0]LogConfig: Setting CVar [[r.AmbientOcclusionLevels:-1]]
[2019.06.29-18.08.48:302][  0]LogConfig: Setting CVar [[r.AmbientOcclusionRadiusScale:1.0]]
[2019.06.29-18.08.48:302][  0]LogConfig: Setting CVar [[r.DepthOfFieldQuality:2]]
[2019.06.29-18.08.48:302][  0]LogConfig: Setting CVar [[r.RenderTargetPoolMin:400]]
[2019.06.29-18.08.48:302][  0]LogConfig: Setting CVar [[r.LensFlareQuality:2]]
[2019.06.29-18.08.48:302][  0]LogConfig: Setting CVar [[r.SceneColorFringeQuality:1]]
[2019.06.29-18.08.48:302][  0]LogConfig: Setting CVar [[r.EyeAdaptationQuality:2]]
[2019.06.29-18.08.48:302][  0]LogConfig: Setting CVar [[r.BloomQuality:5]]
[2019.06.29-18.08.48:302][  0]LogConfig: Setting CVar [[r.FastBlurThreshold:100]]
[2019.06.29-18.08.48:302][  0]LogConfig: Setting CVar [[r.Upscale.Quality:3]]
[2019.06.29-18.08.48:302][  0]LogConfig: Setting CVar [[r.Tonemapper.GrainQuantization:1]]
[2019.06.29-18.08.48:302][  0]LogConfig: Setting CVar [[r.LightShaftQuality:1]]
[2019.06.29-18.08.48:302][  0]LogConfig: Setting CVar [[r.Filter.SizeScale:1]]
[2019.06.29-18.08.48:302][  0]LogConfig: Setting CVar [[r.Tonemapper.Quality:5]]
[2019.06.29-18.08.48:302][  0]LogConfig: Setting CVar [[r.DOF.Gather.AccumulatorQuality:1        ; higher gathering accumulator quality]]
[2019.06.29-18.08.48:302][  0]LogConfig: Setting CVar [[r.DOF.Gather.PostfilterMethod:1          ; Median3x3 postfilering method]]
[2019.06.29-18.08.48:302][  0]LogConfig: Setting CVar [[r.DOF.Gather.EnableBokehSettings:0       ; no bokeh simulation when gathering]]
[2019.06.29-18.08.48:302][  0]LogConfig: Setting CVar [[r.DOF.Gather.RingCount:4                 ; medium number of samples when gathering]]
[2019.06.29-18.08.48:302][  0]LogConfig: Setting CVar [[r.DOF.Scatter.ForegroundCompositing:1    ; additive foreground scattering]]
[2019.06.29-18.08.48:302][  0]LogConfig: Setting CVar [[r.DOF.Scatter.BackgroundCompositing:2    ; additive background scattering]]
[2019.06.29-18.08.48:302][  0]LogConfig: Setting CVar [[r.DOF.Scatter.EnableBokehSettings:1      ; bokeh simulation when scattering]]
[2019.06.29-18.08.48:302][  0]LogConfig: Setting CVar [[r.DOF.Scatter.MaxSpriteRatio:0.1         ; only a maximum of 10% of scattered bokeh]]
[2019.06.29-18.08.48:302][  0]LogConfig: Setting CVar [[r.DOF.Recombine.Quality:1                ; cheap slight out of focus]]
[2019.06.29-18.08.48:303][  0]LogConfig: Setting CVar [[r.DOF.Recombine.EnableBokehSettings:0    ; no bokeh simulation on slight out of focus]]
[2019.06.29-18.08.48:303][  0]LogConfig: Setting CVar [[r.DOF.TemporalAAQuality:1                ; more stable temporal accumulation]]
[2019.06.29-18.08.48:303][  0]LogConfig: Setting CVar [[r.DOF.Kernel.MaxForegroundRadius:0.025]]
[2019.06.29-18.08.48:303][  0]LogConfig: Setting CVar [[r.DOF.Kernel.MaxBackgroundRadius:0.025]]
[2019.06.29-18.08.48:303][  0]LogConfig: Applying CVar settings from Section [TextureQuality@3] File [C:/Users/Fruitstrike-L/Documents/GitHub/DnDQ/DnDQ/Saved/Config/Windows/Scalability.ini]
[2019.06.29-18.08.48:303][  0]LogConfig: Setting CVar [[r.Streaming.MipBias:0]]
[2019.06.29-18.08.48:303][  0]LogConfig: Setting CVar [[r.Streaming.AmortizeCPUToGPUCopy:0]]
[2019.06.29-18.08.48:303][  0]LogConfig: Setting CVar [[r.Streaming.MaxNumTexturesToStreamPerFrame:0]]
[2019.06.29-18.08.48:303][  0]LogConfig: Setting CVar [[r.Streaming.Boost:1]]
[2019.06.29-18.08.48:303][  0]LogConfig: Setting CVar [[r.MaxAnisotropy:8]]
[2019.06.29-18.08.48:303][  0]LogConfig: Setting CVar [[r.Streaming.LimitPoolSizeToVRAM:0]]
[2019.06.29-18.08.48:303][  0]LogConfig: Setting CVar [[r.Streaming.PoolSize:1000]]
[2019.06.29-18.08.48:303][  0]LogConfig: Setting CVar [[r.Streaming.MaxEffectiveScreenSize:0]]
[2019.06.29-18.08.48:303][  0]LogConfig: Applying CVar settings from Section [EffectsQuality@3] File [C:/Users/Fruitstrike-L/Documents/GitHub/DnDQ/DnDQ/Saved/Config/Windows/Scalability.ini]
[2019.06.29-18.08.48:303][  0]LogConfig: Setting CVar [[r.TranslucencyLightingVolumeDim:64]]
[2019.06.29-18.08.48:303][  0]LogConfig: Setting CVar [[r.RefractionQuality:2]]
[2019.06.29-18.08.48:303][  0]LogConfig: Setting CVar [[r.SSR.Quality:3]]
[2019.06.29-18.08.48:303][  0]LogConfig: Setting CVar [[r.SceneColorFormat:4]]
[2019.06.29-18.08.48:303][  0]LogConfig: Setting CVar [[r.DetailMode:2]]
[2019.06.29-18.08.48:303][  0]LogConfig: Setting CVar [[r.TranslucencyVolumeBlur:1]]
[2019.06.29-18.08.48:303][  0]LogConfig: Setting CVar [[r.MaterialQualityLevel:1 ; High quality]]
[2019.06.29-18.08.48:303][  0]LogConfig: Setting CVar [[r.SSS.Scale:1]]
[2019.06.29-18.08.48:303][  0]LogConfig: Setting CVar [[r.SSS.SampleSet:2]]
[2019.06.29-18.08.48:303][  0]LogConfig: Setting CVar [[r.SSS.Quality:1]]
[2019.06.29-18.08.48:303][  0]LogConfig: Setting CVar [[r.SSS.HalfRes:1]]
[2019.06.29-18.08.48:303][  0]LogConfig: Setting CVar [[r.EmitterSpawnRateScale:1.0]]
[2019.06.29-18.08.48:303][  0]LogConfig: Setting CVar [[r.ParticleLightQuality:2]]
[2019.06.29-18.08.48:303][  0]LogConfig: Applying CVar settings from Section [FoliageQuality@3] File [C:/Users/Fruitstrike-L/Documents/GitHub/DnDQ/DnDQ/Saved/Config/Windows/Scalability.ini]
[2019.06.29-18.08.48:303][  0]LogConfig: Setting CVar [[foliage.DensityScale:1.0]]
[2019.06.29-18.08.48:304][  0]LogConfig: Setting CVar [[grass.DensityScale:1.0]]
[2019.06.29-18.08.48:304][  0]LogConfig: Applying CVar settings from Section [Startup] File [../../../Engine/Config/ConsoleVariables.ini]
[2019.06.29-18.08.48:305][  0]LogConfig: Setting CVar [[net.UseAdaptiveNetUpdateFrequency:0]]
[2019.06.29-18.08.48:305][  0]LogConfig: Setting CVar [[p.chaos.AllowCreatePhysxBodies:1]]
[2019.06.29-18.08.48:305][  0]LogConfig: Applying CVar settings from Section [ConsoleVariables] File [C:/Users/Fruitstrike-L/Documents/GitHub/DnDQ/DnDQ/Saved/Config/Windows/Engine.ini]
[2019.06.29-18.08.48:305][  0]LogInit: Computer: DESKTOP-914EJH4
[2019.06.29-18.08.48:305][  0]LogInit: User: FruitstrikeL
[2019.06.29-18.08.48:305][  0]LogInit: CPU Page size=4096, Cores=4
[2019.06.29-18.08.48:305][  0]LogInit: High frequency timer resolution =2.249999 MHz
[2019.06.29-18.08.48:305][  0]LogMemory: Memory total: Physical=7.9GB (8GB approx)
[2019.06.29-18.08.48:305][  0]LogMemory: Platform Memory Stats for Windows
[2019.06.29-18.08.48:305][  0]LogMemory: Process Physical Memory: 95.95 MB used, 95.95 MB peak
[2019.06.29-18.08.48:305][  0]LogMemory: Process Virtual Memory: 83.79 MB used, 83.79 MB peak
[2019.06.29-18.08.48:305][  0]LogMemory: Physical Memory: 4285.57 MB used,  3779.70 MB free, 8065.26 MB total
[2019.06.29-18.08.48:305][  0]LogMemory: Virtual Memory: 4637.12 MB used,  134213088.00 MB free, 134217728.00 MB total
[2019.06.29-18.08.48:335][  0]LogInit: Using OS detected language (en-US).
[2019.06.29-18.08.48:335][  0]LogInit: Using OS detected locale (en-US).
[2019.06.29-18.08.48:336][  0]LogTextLocalizationManager: No specific localization for 'en-US' exists, so the 'en' localization will be used.
[2019.06.29-18.08.48:610][  0]LogInit: Setting process to per monitor DPI aware
[2019.06.29-18.08.48:646][  0]LogSlate: New Slate User Created.  User Index 0, Is Virtual User: 0
[2019.06.29-18.08.48:647][  0]LogSlate: Slate User Registered.  User Index 0, Is Virtual User: 0
[2019.06.29-18.08.48:912][  0]LogHMD: Failed to initialize OpenVR with code 110
[2019.06.29-18.08.48:912][  0]LogD3D11RHI: D3D11 adapters:
[2019.06.29-18.08.48:979][  0]LogD3D11RHI:    0. 'NVIDIA GeForce GTX 960M' (Feature Level 11_0)
[2019.06.29-18.08.48:979][  0]LogD3D11RHI:       4055/0/4032 MB DedicatedVideo/DedicatedSystem/SharedSystem, Outputs:1, VendorId:0x10de
[2019.06.29-18.08.48:992][  0]LogD3D11RHI:    1. 'Intel(R) HD Graphics 530' (Feature Level 11_0)
[2019.06.29-18.08.48:992][  0]LogD3D11RHI:       128/0/4032 MB DedicatedVideo/DedicatedSystem/SharedSystem, Outputs:0, VendorId:0x8086
[2019.06.29-18.08.48:996][  0]LogD3D11RHI:    2. 'Microsoft Basic Render Driver' (Feature Level 11_0)
[2019.06.29-18.08.48:996][  0]LogD3D11RHI:       0/0/4032 MB DedicatedVideo/DedicatedSystem/SharedSystem, Outputs:0, VendorId:0x1414
[2019.06.29-18.08.48:996][  0]LogD3D11RHI: Chosen D3D11 Adapter: 0
[2019.06.29-18.08.49:045][  0]LogD3D11RHI: Creating new Direct3DDevice
[2019.06.29-18.08.49:045][  0]LogD3D11RHI:     GPU DeviceId: 0x139b (for the marketing name, search the web for "GPU Device Id")
[2019.06.29-18.08.49:045][  0]LogWindows: EnumDisplayDevices:
[2019.06.29-18.08.49:045][  0]LogWindows:    0. 'Intel(R) HD Graphics 530' (P:1 D:1)
[2019.06.29-18.08.49:046][  0]LogWindows:    1. 'Intel(R) HD Graphics 530' (P:0 D:0)
[2019.06.29-18.08.49:046][  0]LogWindows:    2. 'Intel(R) HD Graphics 530' (P:0 D:0)
[2019.06.29-18.08.49:046][  0]LogWindows: DebugString: PrimaryIsNotTheChoosenAdapter PrimaryIsNotTheChoosenAdapter PrimaryIsNotTheChoosenAdapter FoundDriverCount:0 
[2019.06.29-18.08.49:046][  0]LogD3D11RHI:     Adapter Name: NVIDIA GeForce GTX 960M
[2019.06.29-18.08.49:046][  0]LogD3D11RHI:   Driver Version: Unknown (internal:Unknown, unified:Unknown)
[2019.06.29-18.08.49:046][  0]LogD3D11RHI:      Driver Date: Unknown
[2019.06.29-18.08.49:046][  0]LogRHI: Texture pool is 2839 MB (70% of 4055 MB)
[2019.06.29-18.08.49:086][  0]LogD3D11RHI: Async texture creation enabled
[2019.06.29-18.08.49:090][  0]LogRendererCore: FGlobalReadBuffer::InitRHI
[2019.06.29-18.08.49:091][  0]LogRendererCore: FGlobalReadBuffer::InitRHI
[2019.06.29-18.08.49:091][  0]LogRendererCore: FGlobalReadBuffer::InitRHI
[2019.06.29-18.08.49:104][  0]LogD3D11RHI: GPU Timing Frequency: 1000.000000 (Debug: 2 2)
[2019.06.29-18.08.49:453][  0]LogTemp: Display: Module 'AllDesktopTargetPlatform' loaded TargetPlatform 'AllDesktop'
[2019.06.29-18.08.49:472][  0]LogTemp: Display: Module 'MacClientTargetPlatform' loaded TargetPlatform 'MacClient'
[2019.06.29-18.08.49:489][  0]LogTemp: Display: Module 'MacNoEditorTargetPlatform' loaded TargetPlatform 'MacNoEditor'
[2019.06.29-18.08.49:508][  0]LogTemp: Display: Module 'MacServerTargetPlatform' loaded TargetPlatform 'MacServer'
[2019.06.29-18.08.49:524][  0]LogTemp: Display: Module 'MacTargetPlatform' loaded TargetPlatform 'Mac'
[2019.06.29-18.08.49:544][  0]LogTemp: Display: Module 'WindowsClientTargetPlatform' loaded TargetPlatform 'WindowsClient'
[2019.06.29-18.08.49:560][  0]LogTemp: Display: Module 'WindowsNoEditorTargetPlatform' loaded TargetPlatform 'WindowsNoEditor'
[2019.06.29-18.08.49:578][  0]LogTemp: Display: Module 'WindowsServerTargetPlatform' loaded TargetPlatform 'WindowsServer'
[2019.06.29-18.08.49:586][  0]LogTemp: Display: Module 'WindowsTargetPlatform' loaded TargetPlatform 'Windows'
[2019.06.29-18.08.49:694][  0]LogTemp: Display: Module 'AndroidTargetPlatform' loaded TargetPlatform 'Android'
[2019.06.29-18.08.49:695][  0]LogTemp: Display: Module 'AndroidTargetPlatform' loaded TargetPlatform 'Android_ASTC'
[2019.06.29-18.08.49:695][  0]LogTemp: Display: Module 'AndroidTargetPlatform' loaded TargetPlatform 'Android_ATC'
[2019.06.29-18.08.49:695][  0]LogTemp: Display: Module 'AndroidTargetPlatform' loaded TargetPlatform 'Android_DXT'
[2019.06.29-18.08.49:695][  0]LogTemp: Display: Module 'AndroidTargetPlatform' loaded TargetPlatform 'Android_ETC1'
[2019.06.29-18.08.49:695][  0]LogTemp: Display: Module 'AndroidTargetPlatform' loaded TargetPlatform 'Android_ETC1a'
[2019.06.29-18.08.49:695][  0]LogTemp: Display: Module 'AndroidTargetPlatform' loaded TargetPlatform 'Android_ETC2'
[2019.06.29-18.08.49:695][  0]LogTemp: Display: Module 'AndroidTargetPlatform' loaded TargetPlatform 'Android_PVRTC'
[2019.06.29-18.08.49:695][  0]LogTemp: Display: Module 'AndroidTargetPlatform' loaded TargetPlatform 'AndroidClient'
[2019.06.29-18.08.49:695][  0]LogTemp: Display: Module 'AndroidTargetPlatform' loaded TargetPlatform 'Android_ASTCClient'
[2019.06.29-18.08.49:695][  0]LogTemp: Display: Module 'AndroidTargetPlatform' loaded TargetPlatform 'Android_ATCClient'
[2019.06.29-18.08.49:695][  0]LogTemp: Display: Module 'AndroidTargetPlatform' loaded TargetPlatform 'Android_DXTClient'
[2019.06.29-18.08.49:695][  0]LogTemp: Display: Module 'AndroidTargetPlatform' loaded TargetPlatform 'Android_ETC1Client'
[2019.06.29-18.08.49:695][  0]LogTemp: Display: Module 'AndroidTargetPlatform' loaded TargetPlatform 'Android_ETC1aClient'
[2019.06.29-18.08.49:695][  0]LogTemp: Display: Module 'AndroidTargetPlatform' loaded TargetPlatform 'Android_ETC2Client'
[2019.06.29-18.08.49:695][  0]LogTemp: Display: Module 'AndroidTargetPlatform' loaded TargetPlatform 'Android_PVRTCClient'
[2019.06.29-18.08.49:695][  0]LogTemp: Display: Module 'AndroidTargetPlatform' loaded TargetPlatform 'Android_Multi'
[2019.06.29-18.08.49:695][  0]LogTemp: Display: Module 'AndroidTargetPlatform' loaded TargetPlatform 'Android_MultiClient'
[2019.06.29-18.08.49:697][  0]LogTemp: Display: Module 'HTML5TargetPlatform' loaded TargetPlatform 'HTML5'
[2019.06.29-18.08.49:752][  0]LogTemp: Display: Module 'IOSTargetPlatform' loaded TargetPlatform 'IOSClient'
[2019.06.29-18.08.49:752][  0]LogTemp: Display: Module 'IOSTargetPlatform' loaded TargetPlatform 'IOS'
[2019.06.29-18.08.49:781][  0]LogTemp: Display: Module 'TVOSTargetPlatform' loaded TargetPlatform 'TVOSClient'
[2019.06.29-18.08.49:781][  0]LogTemp: Display: Module 'TVOSTargetPlatform' loaded TargetPlatform 'TVOS'
[2019.06.29-18.08.49:796][  0]LogTemp: Display: Module 'LinuxClientTargetPlatform' loaded TargetPlatform 'LinuxClient'
[2019.06.29-18.08.49:811][  0]LogTemp: Display: Module 'LinuxNoEditorTargetPlatform' loaded TargetPlatform 'LinuxNoEditor'
[2019.06.29-18.08.49:826][  0]LogTemp: Display: Module 'LinuxServerTargetPlatform' loaded TargetPlatform 'LinuxServer'
[2019.06.29-18.08.49:842][  0]LogTemp: Display: Module 'LinuxTargetPlatform' loaded TargetPlatform 'Linux'
[2019.06.29-18.08.49:897][  0]LogTemp: Display: Module 'LuminTargetPlatform' loaded TargetPlatform 'Lumin'
[2019.06.29-18.08.49:897][  0]LogTemp: Display: Module 'LuminTargetPlatform' loaded TargetPlatform 'LuminClient'
[2019.06.29-18.08.49:897][  0]LogTargetPlatformManager: Display: Building Assets For Windows
[2019.06.29-18.08.49:908][  0]LogAudioDebug: Display: Lib vorbis DLL was dynamically loaded.
[2019.06.29-18.08.49:971][  0]LogShaderCompilers: Guid format shader working directory is -10 characters bigger than the processId version (../../../../../../Users/Fruitstrike-L/Documents/GitHub/DnDQ/DnDQ/Intermediate/Shaders/WorkingDirectory/4228/).
[2019.06.29-18.08.49:972][  0]LogShaderCompilers: Cleaned the shader compiler working directory 'C:/Users/Fruitstrike-L/AppData/Local/Temp/UnrealShaderWorkingDir/B85F1D1F40AE8A35CE2E5490ABC9BA9C/'.
[2019.06.29-18.08.49:974][  0]LogXGEController: Cannot use XGE Controller as Incredibuild is not installed on this machine.
[2019.06.29-18.08.49:974][  0]LogShaderCompilers: Cannot use XGE Shader Compiler as Incredibuild is not installed on this machine.
[2019.06.29-18.08.49:974][  0]LogShaderCompilers: Display: Using Local Shader Compiler.
[2019.06.29-18.08.50:678][  0]LogDerivedDataCache: Display: Max Cache Size: 512 MB
[2019.06.29-18.08.50:761][  0]LogDerivedDataCache: Loaded boot cache 0.08s 71MB C:/Users/Fruitstrike-L/AppData/Local/UnrealEngine/4.22/DerivedDataCache/Boot.ddc.
[2019.06.29-18.08.50:761][  0]LogDerivedDataCache: Display: Loaded Boot cache: C:/Users/Fruitstrike-L/AppData/Local/UnrealEngine/4.22/DerivedDataCache/Boot.ddc
[2019.06.29-18.08.50:761][  0]LogDerivedDataCache: FDerivedDataBackendGraph:  Pak pak cache file ../../../../../../Users/Fruitstrike-L/Documents/GitHub/DnDQ/DnDQ/DerivedDataCache/DDC.ddp not found, will not use a pak cache.
[2019.06.29-18.08.50:761][  0]LogDerivedDataCache: Unable to find inner node Pak for hierarchical cache Hierarchy.
[2019.06.29-18.08.50:761][  0]LogDerivedDataCache: FDerivedDataBackendGraph:  CompressedPak pak cache file ../../../../../../Users/Fruitstrike-L/Documents/GitHub/DnDQ/DnDQ/DerivedDataCache/Compressed.ddp not found, will not use a pak cache.
[2019.06.29-18.08.50:761][  0]LogDerivedDataCache: Unable to find inner node CompressedPak for hierarchical cache Hierarchy.
[2019.06.29-18.08.50:778][  0]LogDerivedDataCache: Display: Pak cache opened for reading ../../../Engine/DerivedDataCache/Compressed.ddp.
[2019.06.29-18.08.50:778][  0]LogDerivedDataCache: FDerivedDataBackendGraph:  EnterprisePak pak cache file ../../../Enterprise/DerivedDataCache/Compressed.ddp not found, will not use a pak cache.
[2019.06.29-18.08.50:778][  0]LogDerivedDataCache: Unable to find inner node EnterprisePak for hierarchical cache Hierarchy.
[2019.06.29-18.08.50:790][  0]LogDerivedDataCache: Using Local data cache path C:/Users/Fruitstrike-L/AppData/Local/UnrealEngine/Common/DerivedDataCache: Writable
[2019.06.29-18.08.50:790][  0]LogDerivedDataCache: Shared data cache path not found in *engine.ini, will not use an Shared cache.
[2019.06.29-18.08.50:790][  0]LogDerivedDataCache: Unable to find inner node Shared for hierarchical cache Hierarchy.
[2019.06.29-18.08.50:821][  0]LogMaterial: Verifying Global Shaders for PCD3D_SM5
[2019.06.29-18.08.50:823][  0]LogSlate: Using FreeType 2.6.0
[2019.06.29-18.08.50:823][  0]LogSlate: SlateFontServices - WITH_FREETYPE: 1, WITH_HARFBUZZ: 1
[2019.06.29-18.08.50:922][  0]LogAssetRegistry: FAssetRegistry took 0.0365 seconds to start up
[2019.06.29-18.08.51:329][  0]LogInit: Selected Device Profile: [Windows]
[2019.06.29-18.08.51:495][  0]LogMeshReduction: Using QuadricMeshReduction for automatic static mesh reduction
[2019.06.29-18.08.51:495][  0]LogMeshReduction: Using SimplygonMeshReduction for automatic skeletal mesh reduction
[2019.06.29-18.08.51:495][  0]LogMeshReduction: Using ProxyLODMeshReduction for automatic mesh merging
[2019.06.29-18.08.51:495][  0]LogMeshReduction: No distributed automatic mesh merging module available
[2019.06.29-18.08.51:495][  0]LogMeshMerging: No distributed automatic mesh merging module available
[2019.06.29-18.08.51:515][  0]LogNetVersion: DnDQ 1.0.0, NetCL: 5660361, EngineNetVer: 10, GameNetVer: 0 (Checksum: 2885120728)
[2019.06.29-18.08.52:048][  0]LogPackageLocalizationCache: Processed 10 localized package path(s) for 1 prioritized culture(s) in 0.056864 seconds
[2019.06.29-18.08.52:057][  0]LogUObjectArray: 42205 objects as part of root set at end of initial load.
[2019.06.29-18.08.52:057][  0]LogUObjectAllocator: 7325032 out of 0 bytes used by permanent object pool.
[2019.06.29-18.08.52:057][  0]LogUObjectArray: CloseDisregardForGC: 0/0 objects in disregard for GC pool
[2019.06.29-18.08.53:112][  0]LogTcpMessaging: Initializing TcpMessaging bridge
[2019.06.29-18.08.53:127][  0]LogUdpMessaging: Initializing bridge on interface 0.0.0.0:0 to multicast group 230.0.0.1:6666.
[2019.06.29-18.08.53:268][  0]SourceControl: Source control is disabled
[2019.06.29-18.08.53:268][  0]SourceControl: Source control is disabled
[2019.06.29-18.08.53:271][  0]SourceControl: Source control is disabled
[2019.06.29-18.08.53:272][  0]SourceControl: Source control is disabled
[2019.06.29-18.08.53:372][  0]LogAndroidPermission: UAndroidPermissionCallbackProxy::GetInstance
[2019.06.29-18.08.53:453][  0]LogOcInput: OculusInput pre-init called
[2019.06.29-18.08.54:314][  0]LogEngine: Initializing Engine...
[2019.06.29-18.08.54:315][  0]LogHMD: Failed to initialize OpenVR with code 110
[2019.06.29-18.08.54:316][  0]LogStats: UGameplayTagsManager::InitializeManager -  0.000 s
[2019.06.29-18.08.54:597][  0]LogInit: Initializing FReadOnlyCVARCache
[2019.06.29-18.08.54:616][  0]LogAIModule: Creating AISystem for world Untitled
[2019.06.29-18.08.54:642][  0]LogInit: XAudio2 using 'Speakers / Headphones (Realtek Audio)' : 2 channels at 48 kHz using 32 bits per sample (channel mask 0x3)
[2019.06.29-18.08.54:929][  0]LogInit: FAudioDevice initialized.
[2019.06.29-18.08.54:930][  0]LogNetVersion: Set ProjectVersion to 1.0.0.0. Version Checksum will be recalculated on next use.
[2019.06.29-18.08.55:039][  0]LogDerivedDataCache: Saved boot cache 0.11s 71MB C:/Users/Fruitstrike-L/AppData/Local/UnrealEngine/4.22/DerivedDataCache/Boot.ddc.
[2019.06.29-18.08.55:058][  0]LogInit: Texture streaming: Enabled
[2019.06.29-18.08.55:089][  0]LogEngineSessionManager: EngineSessionManager initialized
[2019.06.29-18.08.55:117][  0]LogInit: Transaction tracking system initialized
[2019.06.29-18.08.55:147][  0]BlueprintLog: New page: Editor Load
[2019.06.29-18.08.55:275][  0]LocalizationService: Localization service is disabled
[2019.06.29-18.08.55:393][  0]LogLinker: Warning: Can't find file '/Game/PuzzleBP/Tutorial/Part1-Overview'
[2019.06.29-18.08.55:393][  0]LogLinker: Warning: Can't find file '/Game/PuzzleBP/Tutorial/Part1-Overview'
[2019.06.29-18.08.55:393][  0]LogUObjectGlobals: Warning: Failed to find object 'Class /Game/PuzzleBP/Tutorial/Part1-Overview.Part1-Overview_C'
[2019.06.29-18.08.55:393][  0]LogLinker: Warning: Can't find file '/Game/PuzzleBP/Tutorial/Part2-BlockBlueprint'
[2019.06.29-18.08.55:394][  0]LogLinker: Warning: Can't find file '/Game/PuzzleBP/Tutorial/Part2-BlockBlueprint'
[2019.06.29-18.08.55:394][  0]LogUObjectGlobals: Warning: Failed to find object 'Class /Game/PuzzleBP/Tutorial/Part2-BlockBlueprint.Part2-BlockBlueprint_C'
[2019.06.29-18.08.55:633][  0]LogFileCache: Scanning file cache for directory 'C:/Users/Fruitstrike-L/Documents/GitHub/DnDQ/DnDQ/Content/' took 0.01s
[2019.06.29-18.08.55:633][  0]LogCook: Display: Max memory allowance for cook 16384mb min free memory 0mb
[2019.06.29-18.08.55:634][  0]LogCook: Display: Mobile HDR setting 1
[2019.06.29-18.08.55:862][  0]SourceControl: Source control is disabled
[2019.06.29-18.08.55:862][  0]Cmd: MAP LOAD FILE="../../../../../../Users/Fruitstrike-L/Documents/GitHub/DnDQ/DnDQ/Content/DnDQ.umap" TEMPLATE=0 SHOWPROGRESS=1 FEATURELEVEL=3
[2019.06.29-18.08.55:862][  0]LightingResults: New page: Lighting Build
[2019.06.29-18.08.55:868][  0]MapCheck: New page: Map Check
[2019.06.29-18.08.55:868][  0]LightingResults: New page: Lighting Build
[2019.06.29-18.08.55:903][  0]LogUObjectHash: Compacting FUObjectHashTables data took   3.50ms
[2019.06.29-18.08.55:911][  0]LogAIModule: Creating AISystem for world DnDQ
[2019.06.29-18.08.55:913][  0]LogEditorServer: Finished looking for orphan Actors (0.000 secs)
[2019.06.29-18.08.55:944][  0]LogUObjectHash: Compacting FUObjectHashTables data took   0.71ms
[2019.06.29-18.08.55:944][  0]Cmd: MAP CHECKDEP NOCLEARLOG
[2019.06.29-18.08.55:945][  0]MapCheck: Map check complete: 0 Error(s), 0 Warning(s), took 0.221ms to complete.
[2019.06.29-18.08.55:945][  0]LogFileHelpers: Loading map 'DnDQ' took 0.083
[2019.06.29-18.08.56:099][  0]LogSlate: Updating window title bar state: overlay mode, drag disabled, window buttons hidden, title bar hidden
[2019.06.29-18.08.56:110][  0]LogSlate: Updating window title bar state: overlay mode, drag disabled, window buttons hidden, title bar hidden
[2019.06.29-18.08.56:119][  0]LogSlate: Updating window title bar state: overlay mode, drag disabled, window buttons hidden, title bar hidden
[2019.06.29-18.08.56:129][  0]LogSlate: Updating window title bar state: overlay mode, drag disabled, window buttons hidden, title bar hidden
[2019.06.29-18.08.56:140][  0]LogCollectionManager: Loaded 0 collections in 0.002020 seconds
[2019.06.29-18.08.56:157][  0]LogFileCache: Scanning file cache for directory 'C:/Users/Fruitstrike-L/Documents/GitHub/DnDQ/DnDQ/Saved/Collections/' took 0.01s
[2019.06.29-18.08.56:157][  0]LogFileCache: Scanning file cache for directory 'C:/Users/Fruitstrike-L/Documents/GitHub/DnDQ/DnDQ/Content/Developers/FruitstrikeL/Collections/' took 0.00s
[2019.06.29-18.08.56:157][  0]LogFileCache: Scanning file cache for directory 'C:/Users/Fruitstrike-L/Documents/GitHub/DnDQ/DnDQ/Content/Collections/' took 0.00s
[2019.06.29-18.08.56:157][  0]LogCollectionManager: Rebuilt the GUID cache for 0 collections in 0.000000 seconds
[2019.06.29-18.08.56:170][  0]LogContentBrowser: Native class hierarchy populated in 0.0130 seconds. Added 2732 classes and 659 folders.
[2019.06.29-18.08.56:178][  0]LogContentBrowser: Native class hierarchy updated for 'WidgetCarousel' in 0.0002 seconds. Added 0 classes and 0 folders.
[2019.06.29-18.08.56:179][  0]LogPakFile: Registered encryption key '00000000000000000000000000000000': 0 pak files mounted, 0 remain pending
[2019.06.29-18.08.56:180][  0]LogPakFile: Registered encryption key '00000000000000000000000000000000': 0 pak files mounted, 0 remain pending
[2019.06.29-18.08.56:180][  0]LogPakFile: Registered encryption key '00000000000000000000000000000000': 0 pak files mounted, 0 remain pending
[2019.06.29-18.08.56:181][  0]LogPakFile: Registered encryption key '00000000000000000000000000000000': 0 pak files mounted, 0 remain pending
[2019.06.29-18.08.56:181][  0]LogPakFile: Registered encryption key '00000000000000000000000000000000': 0 pak files mounted, 0 remain pending
[2019.06.29-18.08.56:182][  0]LogPakFile: Registered encryption key '00000000000000000000000000000000': 0 pak files mounted, 0 remain pending
[2019.06.29-18.08.56:183][  0]LogPakFile: Registered encryption key '00000000000000000000000000000000': 0 pak files mounted, 0 remain pending
[2019.06.29-18.08.56:183][  0]LogPakFile: Registered encryption key '00000000000000000000000000000000': 0 pak files mounted, 0 remain pending
[2019.06.29-18.08.56:185][  0]LogPakFile: Registered encryption key '00000000000000000000000000000000': 0 pak files mounted, 0 remain pending
[2019.06.29-18.08.56:186][  0]LogPakFile: Registered encryption key '00000000000000000000000000000000': 0 pak files mounted, 0 remain pending
[2019.06.29-18.08.56:187][  0]LogPakFile: Registered encryption key '00000000000000000000000000000000': 0 pak files mounted, 0 remain pending
[2019.06.29-18.08.56:187][  0]LogPakFile: Registered encryption key '00000000000000000000000000000000': 0 pak files mounted, 0 remain pending
[2019.06.29-18.08.56:188][  0]LogPakFile: Registered encryption key '00000000000000000000000000000000': 0 pak files mounted, 0 remain pending
[2019.06.29-18.08.56:188][  0]LogPakFile: Registered encryption key '00000000000000000000000000000000': 0 pak files mounted, 0 remain pending
[2019.06.29-18.08.56:189][  0]LogPakFile: Registered encryption key '00000000000000000000000000000000': 0 pak files mounted, 0 remain pending
[2019.06.29-18.08.56:189][  0]LogPakFile: Registered encryption key '00000000000000000000000000000000': 0 pak files mounted, 0 remain pending
[2019.06.29-18.08.56:190][  0]LogPakFile: Registered encryption key '00000000000000000000000000000000': 0 pak files mounted, 0 remain pending
[2019.06.29-18.08.56:190][  0]LogPakFile: Registered encryption key '00000000000000000000000000000000': 0 pak files mounted, 0 remain pending
[2019.06.29-18.08.56:191][  0]LogPakFile: Registered encryption key '00000000000000000000000000000000': 0 pak files mounted, 0 remain pending
[2019.06.29-18.08.56:191][  0]LogPakFile: Registered encryption key '00000000000000000000000000000000': 0 pak files mounted, 0 remain pending
[2019.06.29-18.08.56:192][  0]LogPakFile: Registered encryption key '00000000000000000000000000000000': 0 pak files mounted, 0 remain pending
[2019.06.29-18.08.56:192][  0]LogPakFile: Registered encryption key '00000000000000000000000000000000': 0 pak files mounted, 0 remain pending
[2019.06.29-18.08.56:193][  0]LogPakFile: Registered encryption key '00000000000000000000000000000000': 0 pak files mounted, 0 remain pending
[2019.06.29-18.08.56:193][  0]LogPakFile: Registered encryption key '00000000000000000000000000000000': 0 pak files mounted, 0 remain pending
[2019.06.29-18.08.56:194][  0]LogPakFile: Registered encryption key '00000000000000000000000000000000': 0 pak files mounted, 0 remain pending
[2019.06.29-18.08.56:195][  0]LogPakFile: Registered encryption key '00000000000000000000000000000000': 0 pak files mounted, 0 remain pending
[2019.06.29-18.08.56:230][  0]LogContentBrowser: Native class hierarchy updated for 'AddContentDialog' in 0.0003 seconds. Added 0 classes and 0 folders.
[2019.06.29-18.08.56:236][  0]LogContentBrowser: Native class hierarchy updated for 'SceneOutliner' in 0.0003 seconds. Added 1 classes and 2 folders.
[2019.06.29-18.08.56:321][  0]LogSlate: Took 0.000433 seconds to synchronously load lazily loaded font '../../../Engine/Content/Slate/Fonts/Roboto-Regular.ttf' (155K)
[2019.06.29-18.08.56:323][  0]LogSlate: Took 0.000202 seconds to synchronously load lazily loaded font '../../../Engine/Content/Slate/Fonts/Roboto-Bold.ttf' (160K)
[2019.06.29-18.08.56:329][  0]LogSlate: Took 0.000275 seconds to synchronously load lazily loaded font '../../../Engine/Content/Editor/Slate/Fonts/FontAwesome.ttf' (139K)
[2019.06.29-18.08.56:420][  0]LogRenderer: Reallocating scene render targets to support 940x436 Format 10 NumSamples 1 (Frame:1).
[2019.06.29-18.08.56:479][  0]LogSlate: Took 0.000186 seconds to synchronously load lazily loaded font '../../../Engine/Content/Slate/Fonts/Roboto-Light.ttf' (167K)
[2019.06.29-18.08.56:619][  0]LogContentBrowser: Native class hierarchy updated for 'HierarchicalLODOutliner' in 0.0004 seconds. Added 0 classes and 0 folders.
[2019.06.29-18.08.56:619][  0]LogLoad: (Engine Initialization) Total time: 10.25 seconds
[2019.06.29-18.08.56:620][  0]LogLoad: (Engine Initialization) Total Blueprint compile time: 0.00 seconds
[2019.06.29-18.08.56:638][  0]LogWindowsTextInputMethodSystem: Display: IME system now deactivated.
[2019.06.29-18.08.56:664][  0]LogAssetRegistry: Asset discovery search completed in 5.7649 seconds
[2019.06.29-18.08.56:667][  0]LogCollectionManager: Rebuilt the object cache for 0 collections in 0.000002 seconds (found 0 objects)
[2019.06.29-18.08.56:667][  0]LogCollectionManager: Fixed up redirectors for 0 collections in 0.000160 seconds (updated 0 objects)
[2019.06.29-18.08.56:669][  0]LogContentStreaming: Texture pool size now 1000 MB
[2019.06.29-18.11.13:419][201]LogSlate: FSceneViewport::OnFocusLost() reason 0
[2019.06.29-18.11.24:886][880]LogSlate: Took 0.000246 seconds to synchronously load lazily loaded font '../../../Engine/Content/Slate/Fonts/Roboto-Light.ttf' (167K)
[2019.06.29-18.11.25:038][880]LogUObjectHash: Compacting FUObjectHashTables data took   2.36ms
[2019.06.29-18.11.25:079][880]Cmd: OBJ SAVEPACKAGE PACKAGE="/Game/DnDQ_BuiltData" FILE="../../../../../../Users/Fruitstrike-L/Documents/GitHub/DnDQ/DnDQ/Content/DnDQ_BuiltData.uasset" SILENT=true
[2019.06.29-18.11.25:104][880]LogSavePackage: Moving '../../../../../../Users/Fruitstrike-L/Documents/GitHub/DnDQ/DnDQ/Saved/DnDQ_BuiltDataEFFCFE964FD78B84431C4ABB64B01835.tmp' to '../../../../../../Users/Fruitstrike-L/Documents/GitHub/DnDQ/DnDQ/Content/DnDQ_BuiltData.uasset'
[2019.06.29-18.11.25:113][880]Cmd: OBJ SAVEPACKAGE PACKAGE="/Game/DnDQ" FILE="../../../../../../Users/Fruitstrike-L/Documents/GitHub/DnDQ/DnDQ/Content/DnDQ.umap" SILENT=true AUTOSAVING=false KEEPDIRTY=false
[2019.06.29-18.11.25:147][880]LogUObjectHash: Compacting FUObjectHashTables data took   1.51ms
[2019.06.29-18.11.25:238][880]LogSavePackage: Moving '../../../../../../Users/Fruitstrike-L/Documents/GitHub/DnDQ/DnDQ/Saved/DnDQ0FF40F31472A972B2C42C78658067B99.tmp' to '../../../../../../Users/Fruitstrike-L/Documents/GitHub/DnDQ/DnDQ/Content/DnDQ.umap'
[2019.06.29-18.11.25:268][880]LogFileHelpers: Saving map 'DnDQ' took 0.156
[2019.06.29-18.11.25:512][880]LogUObjectHash: Compacting FUObjectHashTables data took   2.44ms
[2019.06.29-18.11.29:129][ 86]LogUObjectHash: Compacting FUObjectHashTables data took   1.99ms
[2019.06.29-18.11.29:130][ 86]LogMetaData: Removing '/Game/Maps/DnDQ.DnDQ_C' ref from Metadata '/Game/DnDQ.PackageMetaData'
[2019.06.29-18.11.29:130][ 86]LogMetaData: Removing '/Game/Maps/DnDQ.DnDQ:PersistentLevel.DnDQ.EventGraph.K2Node_Event_0' ref from Metadata '/Game/DnDQ.PackageMetaData'
[2019.06.29-18.11.29:130][ 86]LogMetaData: Removing '/Game/Maps/DnDQ.DnDQ:PersistentLevel.DnDQ.EventGraph.K2Node_Event_1' ref from Metadata '/Game/DnDQ.PackageMetaData'
[2019.06.29-18.11.29:130][ 86]LogMetaData: Removing '/Game/Maps/DnDQ.SKEL_DnDQ_C' ref from Metadata '/Game/DnDQ.PackageMetaData'
[2019.06.29-18.11.29:161][ 86]Cmd: OBJ SAVEPACKAGE PACKAGE="/Game/Maps/DnDQ_BuiltData" FILE="../../../../../../Users/Fruitstrike-L/Documents/GitHub/DnDQ/DnDQ/Content/Maps/DnDQ_BuiltData.uasset" SILENT=true
[2019.06.29-18.11.29:181][ 86]LogSavePackage: Moving '../../../../../../Users/Fruitstrike-L/Documents/GitHub/DnDQ/DnDQ/Saved/DnDQ_BuiltData52816BBC4BD3EFB4ABFFE5BE5C9B63CC.tmp' to '../../../../../../Users/Fruitstrike-L/Documents/GitHub/DnDQ/DnDQ/Content/Maps/DnDQ_BuiltData.uasset'
[2019.06.29-18.11.29:188][ 86]Cmd: OBJ SAVEPACKAGE PACKAGE="/Game/Maps/DnDQ" FILE="../../../../../../Users/Fruitstrike-L/Documents/GitHub/DnDQ/DnDQ/Content/Maps/DnDQ.umap" SILENT=true AUTOSAVING=false KEEPDIRTY=false
[2019.06.29-18.11.29:223][ 86]LogUObjectHash: Compacting FUObjectHashTables data took   2.42ms
[2019.06.29-18.11.29:313][ 86]LogSavePackage: Moving '../../../../../../Users/Fruitstrike-L/Documents/GitHub/DnDQ/DnDQ/Saved/DnDQED341F0C4CFF7552F6C4D498B79DEF24.tmp' to '../../../../../../Users/Fruitstrike-L/Documents/GitHub/DnDQ/DnDQ/Content/Maps/DnDQ.umap'
[2019.06.29-18.11.29:358][ 86]LogFileHelpers: Saving map 'DnDQ' took 0.171
[2019.06.29-18.11.29:541][ 86]LogUObjectHash: Compacting FUObjectHashTables data took   1.77ms
[2019.06.29-18.11.29:574][ 86]LogUObjectHash: Compacting FUObjectHashTables data took   0.61ms
[2019.06.29-18.11.29:610][ 86]LogUObjectHash: Compacting FUObjectHashTables data took   1.69ms
[2019.06.29-18.11.29:641][ 86]LogUObjectHash: Compacting FUObjectHashTables data took   0.64ms
[2019.06.29-18.11.30:865][154]Cmd: OBJ SAVEPACKAGE PACKAGE="/Game/Maps/DnDQ" FILE="../../../../../../Users/Fruitstrike-L/Documents/GitHub/DnDQ/DnDQ/Content/Maps/DnDQ.umap" SILENT=true AUTOSAVING=false KEEPDIRTY=false
[2019.06.29-18.11.30:897][154]LogUObjectHash: Compacting FUObjectHashTables data took   0.62ms
[2019.06.29-18.11.30:988][154]LogSavePackage: Moving '../../../../../../Users/Fruitstrike-L/Documents/GitHub/DnDQ/DnDQ/Saved/DnDQ57F7DB7D489B4311017F72A617B0B06B.tmp' to '../../../../../../Users/Fruitstrike-L/Documents/GitHub/DnDQ/DnDQ/Content/Maps/DnDQ.umap'
[2019.06.29-18.11.31:018][154]Cmd: OBJ SAVEPACKAGE PACKAGE="/Game/Maps/DnDQ_BuiltData" FILE="../../../../../../Users/Fruitstrike-L/Documents/GitHub/DnDQ/DnDQ/Content/Maps/DnDQ_BuiltData.uasset" SILENT=true
[2019.06.29-18.11.31:037][154]LogSavePackage: Moving '../../../../../../Users/Fruitstrike-L/Documents/GitHub/DnDQ/DnDQ/Saved/DnDQ_BuiltData4A0285D44A17D933DADC9A87BD6FC03D.tmp' to '../../../../../../Users/Fruitstrike-L/Documents/GitHub/DnDQ/DnDQ/Content/Maps/DnDQ_BuiltData.uasset'
[2019.06.29-18.16.22:963][664]LogEditorViewport: Clicking Background
[2019.06.29-18.20.53:032][512]LogSlate: FSceneViewport::OnFocusLost() reason 2
[2019.06.29-18.20.53:034][512]LogWindowsTextInputMethodSystem: Display: IME system now deactivated.
[2019.06.29-18.20.53:034][512]LogWindowsTextInputMethodSystem: Display: IME system now deactivated.
[2019.06.29-18.35.25:687][835]LogWindowsTextInputMethodSystem: Display: IME system now deactivated.
[2019.06.29-18.35.25:688][835]LogWindowsTextInputMethodSystem: Display: IME system now deactivated.
[2019.06.29-18.35.59:327][621]LogSlate: Window 'Pick Parent Class' being destroyed
[2019.06.29-18.36.13:615][476]LogSlate: Prevented a slow task dialog from being summoned while a context menu was open
[2019.06.29-18.36.17:178][686]Cmd: OBJ SAVEPACKAGE PACKAGE="/Game/Maps/DnDQ" FILE="../../../../../../Users/Fruitstrike-L/Documents/GitHub/DnDQ/DnDQ/Content/Maps/DnDQ.umap" SILENT=true AUTOSAVING=false KEEPDIRTY=false
[2019.06.29-18.36.17:215][686]LogUObjectHash: Compacting FUObjectHashTables data took   2.19ms
[2019.06.29-18.36.17:313][686]LogSavePackage: Moving '../../../../../../Users/Fruitstrike-L/Documents/GitHub/DnDQ/DnDQ/Saved/DnDQ1D47F11D4DC17810FD5B3B824CB21E34.tmp' to '../../../../../../Users/Fruitstrike-L/Documents/GitHub/DnDQ/DnDQ/Content/Maps/DnDQ.umap'
[2019.06.29-18.36.17:345][686]Cmd: OBJ SAVEPACKAGE PACKAGE="/Game/Maps/DnDQ_BuiltData" FILE="../../../../../../Users/Fruitstrike-L/Documents/GitHub/DnDQ/DnDQ/Content/Maps/DnDQ_BuiltData.uasset" SILENT=true
[2019.06.29-18.36.17:374][686]LogSavePackage: Moving '../../../../../../Users/Fruitstrike-L/Documents/GitHub/DnDQ/DnDQ/Saved/DnDQ_BuiltDataCDB313A3460667C89FEDAD87C80415F5.tmp' to '../../../../../../Users/Fruitstrike-L/Documents/GitHub/DnDQ/DnDQ/Content/Maps/DnDQ_BuiltData.uasset'
[2019.06.29-18.36.22:040][964]LogAssetEditorManager: Opening Asset editor for Blueprint /Game/Game/DnDQ_GameMode.DnDQ_GameMode
[2019.06.29-18.36.22:538][964]LogContentBrowser: Native class hierarchy updated for 'BlueprintGraph' in 0.0008 seconds. Added 121 classes and 0 folders.
[2019.06.29-18.36.26:451][112]LogRenderer: Reallocating scene render targets to support 940x684 Format 10 NumSamples 1 (Frame:142).
[2019.06.29-18.36.26:751][129]LogSlate: Window 'DnDQ_GameMode' being destroyed
[2019.06.29-18.36.27:591][178]Cmd: OBJ SAVEPACKAGE PACKAGE="/Game/Game/DnDQ_GameMode" FILE="../../../../../../Users/Fruitstrike-L/Documents/GitHub/DnDQ/DnDQ/Content/Game/DnDQ_GameMode.uasset" SILENT=true
[2019.06.29-18.36.27:608][178]LogSavePackage: Moving '../../../../../../Users/Fruitstrike-L/Documents/GitHub/DnDQ/DnDQ/Saved/DnDQ_GameMode59CF9B30420988D829CE3FAEF1FA64DA.tmp' to '../../../../../../Users/Fruitstrike-L/Documents/GitHub/DnDQ/DnDQ/Content/Game/DnDQ_GameMode.uasset'
[2019.06.29-18.38.14:112][562]LogSlate: Took 0.007714 seconds to synchronously load lazily loaded font '../../../Engine/Content/Slate/Fonts/Roboto-BoldCondensed.ttf' (158K)
[2019.06.29-18.38.17:331][754]LogSlate: Took 0.008598 seconds to synchronously load lazily loaded font '../../../Engine/Content/Slate/Fonts/Roboto-Italic.ttf' (157K)
[2019.06.29-18.38.17:790][782]BlueprintLog: New page: Compile DnDQ_GameMode
[2019.06.29-18.38.17:987][782]LogUObjectHash: Compacting FUObjectHashTables data took   3.96ms
[2019.06.29-18.38.18:467][809]Cmd: OBJ SAVEPACKAGE PACKAGE="/Game/Game/DnDQ_GameMode" FILE="../../../../../../Users/Fruitstrike-L/Documents/GitHub/DnDQ/DnDQ/Content/Game/DnDQ_GameMode.uasset" SILENT=true
[2019.06.29-18.38.18:491][809]LogSavePackage: Moving '../../../../../../Users/Fruitstrike-L/Documents/GitHub/DnDQ/DnDQ/Saved/DnDQ_GameMode909C30C34C6246D7206DFCB4FF0B7A9D.tmp' to '../../../../../../Users/Fruitstrike-L/Documents/GitHub/DnDQ/DnDQ/Content/Game/DnDQ_GameMode.uasset'
[2019.06.29-19.26.33:502][758]LogSlate: Window 'Pick Parent Class' being destroyed
[2019.06.29-19.30.13:548][936]LogUObjectHash: Compacting FUObjectHashTables data took   3.19ms
[2019.06.29-19.30.13:548][936]LogFileHelpers: Editor autosave (incl. sublevels) for '/Game/Maps/DnDQ' took 0.046
[2019.06.29-19.30.13:551][936]OBJ SavePackage: Generating thumbnails for [0] asset(s) in package [/Game/Game/GlobalHelpers] ([1] browsable assets)...
[2019.06.29-19.30.13:551][936]OBJ SavePackage: Finished generating thumbnails for package [/Game/Game/GlobalHelpers]
[2019.06.29-19.30.13:564][936]LogSavePackage: Moving '../../../../../../Users/Fruitstrike-L/Documents/GitHub/DnDQ/DnDQ/Saved/GlobalHelpers_Auto1350CDA3E4B72B034F6329690F5916E12.tmp' to '../../../../../../Users/Fruitstrike-L/Documents/GitHub/DnDQ/DnDQ/Saved/Autosaves/Game/Game/GlobalHelpers_Auto1.uasset'
[2019.06.29-19.30.13:565][936]LogFileHelpers: Auto-saving content packages took 0.016
[2019.06.29-19.47.06:947][229]LogAssetEditorManager: Opening Asset editor for Blueprint /Game/Game/GlobalHelpers.GlobalHelpers
[2019.06.29-19.48.25:914][888]LogSlate: Took 0.008873 seconds to synchronously load lazily loaded font '../../../Engine/Content/Slate/Fonts/Roboto-BoldCondensedItalic.ttf' (160K)
[2019.06.29-19.49.17:962][  8]BlueprintLog: New page: Compile GlobalHelpers
[2019.06.29-19.49.18:012][  8]LogUObjectHash: Compacting FUObjectHashTables data took   3.30ms
[2019.06.29-19.49.18:759][ 51]Cmd: OBJ SAVEPACKAGE PACKAGE="/Game/Game/GlobalHelpers" FILE="../../../../../../Users/Fruitstrike-L/Documents/GitHub/DnDQ/DnDQ/Content/Game/GlobalHelpers.uasset" SILENT=true
[2019.06.29-19.49.18:782][ 51]LogSavePackage: Moving '../../../../../../Users/Fruitstrike-L/Documents/GitHub/DnDQ/DnDQ/Saved/GlobalHelpers60820A164C83D982B42F76B9E6CF2656.tmp' to '../../../../../../Users/Fruitstrike-L/Documents/GitHub/DnDQ/DnDQ/Content/Game/GlobalHelpers.uasset'
[2019.06.29-19.49.35:915][ 63]BlueprintLog: New page: Compile DnDQ_GameMode
[2019.06.29-19.49.36:115][ 63]LogUObjectHash: Compacting FUObjectHashTables data took   3.06ms
[2019.06.29-19.49.36:570][ 88]Cmd: OBJ SAVEPACKAGE PACKAGE="/Game/Game/DnDQ_GameMode" FILE="../../../../../../Users/Fruitstrike-L/Documents/GitHub/DnDQ/DnDQ/Content/Game/DnDQ_GameMode.uasset" SILENT=true
[2019.06.29-19.49.36:601][ 88]LogSavePackage: Moving '../../../../../../Users/Fruitstrike-L/Documents/GitHub/DnDQ/DnDQ/Saved/DnDQ_GameModeBFB23D644454C95D591EEFA37A538FFE.tmp' to '../../../../../../Users/Fruitstrike-L/Documents/GitHub/DnDQ/DnDQ/Content/Game/DnDQ_GameMode.uasset'
[2019.06.29-19.50.08:633][  2]LogUObjectHash: Compacting FUObjectHashTables data took   3.18ms
[2019.06.29-19.50.08:633][  2]LogFileHelpers: Editor autosave (incl. sublevels) for '/Game/Maps/DnDQ' took 0.043
[2019.06.29-19.50.08:635][  2]OBJ SavePackage: Generating thumbnails for [0] asset(s) in package [/Game/Game/DnDQ_GameMode] ([1] browsable assets)...
[2019.06.29-19.50.08:635][  2]OBJ SavePackage: Finished generating thumbnails for package [/Game/Game/DnDQ_GameMode]
[2019.06.29-19.50.08:659][  2]LogSavePackage: Moving '../../../../../../Users/Fruitstrike-L/Documents/GitHub/DnDQ/DnDQ/Saved/DnDQ_GameMode_Auto224D02899442AF097AC89B79716793D67.tmp' to '../../../../../../Users/Fruitstrike-L/Documents/GitHub/DnDQ/DnDQ/Saved/Autosaves/Game/Game/DnDQ_GameMode_Auto2.uasset'
[2019.06.29-19.50.08:661][  2]LogFileHelpers: Auto-saving content packages took 0.026
[2019.06.29-19.55.19:898][670]BlueprintLog: New page: Compile DnDQ_GameMode
[2019.06.29-19.55.20:087][670]LogUObjectHash: Compacting FUObjectHashTables data took   3.05ms
[2019.06.29-19.55.20:684][704]Cmd: OBJ SAVEPACKAGE PACKAGE="/Game/Game/DnDQ_GameMode" FILE="../../../../../../Users/Fruitstrike-L/Documents/GitHub/DnDQ/DnDQ/Content/Game/DnDQ_GameMode.uasset" SILENT=true
[2019.06.29-19.55.20:717][704]LogSavePackage: Moving '../../../../../../Users/Fruitstrike-L/Documents/GitHub/DnDQ/DnDQ/Saved/DnDQ_GameMode5B600188405B22BABA965BA4912F430A.tmp' to '../../../../../../Users/Fruitstrike-L/Documents/GitHub/DnDQ/DnDQ/Content/Game/DnDQ_GameMode.uasset'
[2019.06.29-19.56.38:367][309]BlueprintLog: New page: Compile GlobalHelpers
[2019.06.29-19.56.38:415][309]LogUObjectHash: Compacting FUObjectHashTables data took   3.20ms
[2019.06.29-19.56.39:145][351]Cmd: OBJ SAVEPACKAGE PACKAGE="/Game/Game/GlobalHelpers" FILE="../../../../../../Users/Fruitstrike-L/Documents/GitHub/DnDQ/DnDQ/Content/Game/GlobalHelpers.uasset" SILENT=true
[2019.06.29-19.56.39:172][351]LogSavePackage: Moving '../../../../../../Users/Fruitstrike-L/Documents/GitHub/DnDQ/DnDQ/Saved/GlobalHelpersBCB7A455497A60C60578DE9BB117CFD8.tmp' to '../../../../../../Users/Fruitstrike-L/Documents/GitHub/DnDQ/DnDQ/Content/Game/GlobalHelpers.uasset'
[2019.06.29-19.57.20:742][839]BlueprintLog: New page: Compile DnDQ_GameMode
[2019.06.29-19.57.20:929][839]LogUObjectHash: Compacting FUObjectHashTables data took   4.99ms
[2019.06.29-19.57.21:367][863]Cmd: OBJ SAVEPACKAGE PACKAGE="/Game/Game/DnDQ_GameMode" FILE="../../../../../../Users/Fruitstrike-L/Documents/GitHub/DnDQ/DnDQ/Content/Game/DnDQ_GameMode.uasset" SILENT=true
[2019.06.29-19.57.21:394][863]LogSavePackage: Moving '../../../../../../Users/Fruitstrike-L/Documents/GitHub/DnDQ/DnDQ/Saved/DnDQ_GameMode6CC696BA44A5AC7066EF04ACB44B5D46.tmp' to '../../../../../../Users/Fruitstrike-L/Documents/GitHub/DnDQ/DnDQ/Content/Game/DnDQ_GameMode.uasset'
[2019.06.29-19.57.22:613][935]LogTemp: Repeating last play command: Selected Viewport
[2019.06.29-19.57.22:642][935]LogBlueprintUserMessages: Early PlayInEditor Detection: Level '/Game/Maps/DnDQ.DnDQ:PersistentLevel' has LevelScriptBlueprint '/Game/Maps/DnDQ.DnDQ:PersistentLevel.DnDQ' with GeneratedClass '/Game/Maps/DnDQ.DnDQ_C' with ClassGeneratedBy '/Game/Maps/DnDQ.DnDQ:PersistentLevel.DnDQ'
[2019.06.29-19.57.22:645][935]LogPlayLevel: PlayLevel: No blueprints needed recompiling
[2019.06.29-19.57.22:647][935]PIE: New page: PIE session: DnDQ (Jun 29, 2019, 11:57:22 AM)
[2019.06.29-19.57.22:669][935]LogPlayLevel: Creating play world package: /Game/Maps/UEDPIE_0_DnDQ
[2019.06.29-19.57.22:671][935]LogPlayLevel: PIE: StaticDuplicateObject took: (0.001774s)
[2019.06.29-19.57.22:672][935]LogAIModule: Creating AISystem for world DnDQ
[2019.06.29-19.57.22:672][935]LogPlayLevel: PIE: World Init took: (0.001496s)
[2019.06.29-19.57.22:672][935]LogPlayLevel: PIE: Created PIE world by copying editor world from /Game/Maps/DnDQ.DnDQ to /Game/Maps/UEDPIE_0_DnDQ.DnDQ (0.003730s)
[2019.06.29-19.57.22:717][935]LogUObjectHash: Compacting FUObjectHashTables data took   2.91ms
[2019.06.29-19.57.22:727][935]LogInit: XAudio2 using 'Speakers / Headphones (Realtek Audio)' : 2 channels at 48 kHz using 32 bits per sample (channel mask 0x3)
[2019.06.29-19.57.22:763][935]LogInit: FAudioDevice initialized.
[2019.06.29-19.57.22:775][935]LogSlate: Updating window title bar state: overlay mode, drag disabled, window buttons hidden, title bar hidden
[2019.06.29-19.57.22:826][935]LogLoad: Game class is 'DnDQ_GameMode_C'
[2019.06.29-19.57.22:833][935]LogWorld: Bringing World /Game/Maps/UEDPIE_0_DnDQ.DnDQ up for play (max tick rate 60) at 2019.06.29-15.57.22
[2019.06.29-19.57.22:835][935]LogWorld: Bringing up level for play took: 0.002233
[2019.06.29-19.57.22:851][935]LogGameMode: FindPlayerStart: PATHS NOT DEFINED or NO PLAYERSTART with positive rating
[2019.06.29-19.57.22:871][935]LogBlueprintActionDatabase: Requesting refresh due to module change: Voice (loaded)
[2019.06.29-19.57.22:880][935]LogBlueprintActionDatabase: Requesting refresh due to module change: MovieSceneCapture (loaded)
[2019.06.29-19.57.22:881][935]LogContentBrowser: Native class hierarchy updated for 'MovieSceneCapture' in 0.0010 seconds. Added 20 classes and 0 folders.
[2019.06.29-19.57.22:889][935]LogBlueprintUserMessages: [DnDQ_GameMode_C_0] Begin Play
[2019.06.29-19.57.22:889][935]LogBlueprintUserMessages: [DnDQ_GameMode_C_0] Hello
[2019.06.29-19.57.22:891][935]PIE: Play in editor start time for /Game/Maps/UEDPIE_0_DnDQ 0.562
[2019.06.29-19.57.22:892][935]LogBlueprintUserMessages: Late PlayInEditor Detection: Level '/Game/Maps/DnDQ.DnDQ:PersistentLevel' has LevelScriptBlueprint '/Game/Maps/DnDQ.DnDQ:PersistentLevel.DnDQ' with GeneratedClass '/Game/Maps/DnDQ.DnDQ_C' with ClassGeneratedBy '/Game/Maps/DnDQ.DnDQ:PersistentLevel.DnDQ'
[2019.06.29-19.57.22:913][936]LogRenderer: Reallocating scene render targets to support 1016x684 Format 10 NumSamples 1 (Frame:1).
[2019.06.29-19.57.25:813][ 81]LogSlate: Window 'DnDQ Game Preview Standalone (64-bit/PCD3D_SM5)' being destroyed
[2019.06.29-19.57.25:824][ 81]LogBlueprintUserMessages: Early EndPlayMap Detection: Level '/Game/Maps/DnDQ.DnDQ:PersistentLevel' has LevelScriptBlueprint '/Game/Maps/DnDQ.DnDQ:PersistentLevel.DnDQ' with GeneratedClass '/Game/Maps/DnDQ.DnDQ_C' with ClassGeneratedBy '/Game/Maps/DnDQ.DnDQ:PersistentLevel.DnDQ'
[2019.06.29-19.57.25:856][ 81]LogPlayLevel: Display: Shutting down PIE online subsystems
[2019.06.29-19.57.25:856][ 81]LogBlueprintUserMessages: Late EndPlayMap Detection: Level '/Game/Maps/DnDQ.DnDQ:PersistentLevel' has LevelScriptBlueprint '/Game/Maps/DnDQ.DnDQ:PersistentLevel.DnDQ' with GeneratedClass '/Game/Maps/DnDQ.DnDQ_C' with ClassGeneratedBy '/Game/Maps/DnDQ.DnDQ:PersistentLevel.DnDQ'
[2019.06.29-19.57.25:982][ 81]LogUObjectHash: Compacting FUObjectHashTables data took   5.50ms
[2019.06.29-19.57.26:003][ 82]LogPlayLevel: Display: Destroying online subsystem :Context_3
[2019.06.29-19.57.49:808][510]BlueprintLog: New page: Compile DnDQ_GameMode
[2019.06.29-19.57.50:042][510]LogUObjectHash: Compacting FUObjectHashTables data took   3.75ms
[2019.06.29-19.57.50:517][536]Cmd: OBJ SAVEPACKAGE PACKAGE="/Game/Game/DnDQ_GameMode" FILE="../../../../../../Users/Fruitstrike-L/Documents/GitHub/DnDQ/DnDQ/Content/Game/DnDQ_GameMode.uasset" SILENT=true
[2019.06.29-19.57.50:539][536]LogSavePackage: Moving '../../../../../../Users/Fruitstrike-L/Documents/GitHub/DnDQ/DnDQ/Saved/DnDQ_GameMode7290764448F34ACB5514609FD9FEB30F.tmp' to '../../../../../../Users/Fruitstrike-L/Documents/GitHub/DnDQ/DnDQ/Content/Game/DnDQ_GameMode.uasset'
[2019.06.29-19.58.29:752][343]LogSlate: Window 'Pick Parent Class' being destroyed
[2019.06.29-19.58.37:800][817]Cmd: OBJ SAVEPACKAGE PACKAGE="/Game/Maps/DnDQ" FILE="../../../../../../Users/Fruitstrike-L/Documents/GitHub/DnDQ/DnDQ/Content/Maps/DnDQ.umap" SILENT=true AUTOSAVING=false KEEPDIRTY=false
[2019.06.29-19.58.37:853][817]LogUObjectHash: Compacting FUObjectHashTables data took   5.66ms
[2019.06.29-19.58.38:050][817]LogSavePackage: Moving '../../../../../../Users/Fruitstrike-L/Documents/GitHub/DnDQ/DnDQ/Saved/DnDQ92C58EE64EC807BEAED872A271CF4591.tmp' to '../../../../../../Users/Fruitstrike-L/Documents/GitHub/DnDQ/DnDQ/Content/Maps/DnDQ.umap'
[2019.06.29-19.58.38:084][817]Cmd: OBJ SAVEPACKAGE PACKAGE="/Game/Maps/DnDQ_BuiltData" FILE="../../../../../../Users/Fruitstrike-L/Documents/GitHub/DnDQ/DnDQ/Content/Maps/DnDQ_BuiltData.uasset" SILENT=true
[2019.06.29-19.58.38:123][817]LogSavePackage: Moving '../../../../../../Users/Fruitstrike-L/Documents/GitHub/DnDQ/DnDQ/Saved/DnDQ_BuiltData3AC3FA424DF0EEDB7C75E684BC1BD52F.tmp' to '../../../../../../Users/Fruitstrike-L/Documents/GitHub/DnDQ/DnDQ/Content/Maps/DnDQ_BuiltData.uasset'
[2019.06.29-19.59.24:296][543]BlueprintLog: New page: Compile GlobalHelpers
[2019.06.29-19.59.24:351][543]LogUObjectHash: Compacting FUObjectHashTables data took   5.47ms
[2019.06.29-19.59.25:184][591]Cmd: OBJ SAVEPACKAGE PACKAGE="/Game/Game/GlobalHelpers" FILE="../../../../../../Users/Fruitstrike-L/Documents/GitHub/DnDQ/DnDQ/Content/Game/GlobalHelpers.uasset" SILENT=true
[2019.06.29-19.59.25:203][591]LogSavePackage: Moving '../../../../../../Users/Fruitstrike-L/Documents/GitHub/DnDQ/DnDQ/Saved/GlobalHelpersD0C681C74F0340C3A501299FEEB42318.tmp' to '../../../../../../Users/Fruitstrike-L/Documents/GitHub/DnDQ/DnDQ/Content/Game/GlobalHelpers.uasset'
[2019.06.29-19.59.42:774][508]LogSlate: Window 'Pick Parent Class' being destroyed
[2019.06.29-19.59.48:756][863]Cmd: OBJ SAVEPACKAGE PACKAGE="/Game/Maps/DnDQ" FILE="../../../../../../Users/Fruitstrike-L/Documents/GitHub/DnDQ/DnDQ/Content/Maps/DnDQ.umap" SILENT=true AUTOSAVING=false KEEPDIRTY=false
[2019.06.29-19.59.48:813][863]LogUObjectHash: Compacting FUObjectHashTables data took   3.24ms
[2019.06.29-19.59.49:014][863]LogSavePackage: Moving '../../../../../../Users/Fruitstrike-L/Documents/GitHub/DnDQ/DnDQ/Saved/DnDQ42A8FDFE41D8F5C0DCDD268E31F8DCB8.tmp' to '../../../../../../Users/Fruitstrike-L/Documents/GitHub/DnDQ/DnDQ/Content/Maps/DnDQ.umap'
[2019.06.29-19.59.49:052][863]Cmd: OBJ SAVEPACKAGE PACKAGE="/Game/Maps/DnDQ_BuiltData" FILE="../../../../../../Users/Fruitstrike-L/Documents/GitHub/DnDQ/DnDQ/Content/Maps/DnDQ_BuiltData.uasset" SILENT=true
[2019.06.29-19.59.49:071][863]LogSavePackage: Moving '../../../../../../Users/Fruitstrike-L/Documents/GitHub/DnDQ/DnDQ/Saved/DnDQ_BuiltData186236D64A321C686AEEBC947D7C083B.tmp' to '../../../../../../Users/Fruitstrike-L/Documents/GitHub/DnDQ/DnDQ/Content/Maps/DnDQ_BuiltData.uasset'
[2019.06.29-19.59.54:361][177]LogAssetEditorManager: Opening Asset editor for Blueprint /Game/Game/DnDQ_PlayerController.DnDQ_PlayerController
[2019.06.29-19.59.56:840][295]Cmd: OBJ SAVEPACKAGE PACKAGE="/Game/Game/DnDQ_PlayerController" FILE="../../../../../../Users/Fruitstrike-L/Documents/GitHub/DnDQ/DnDQ/Content/Game/DnDQ_PlayerController.uasset" SILENT=true
[2019.06.29-19.59.56:859][295]LogSavePackage: Moving '../../../../../../Users/Fruitstrike-L/Documents/GitHub/DnDQ/DnDQ/Saved/DnDQ_PlayerControllerD1D37E36431DEEF83BF303924D657E80.tmp' to '../../../../../../Users/Fruitstrike-L/Documents/GitHub/DnDQ/DnDQ/Content/Game/DnDQ_PlayerController.uasset'
[2019.06.29-19.59.58:785][409]LogAssetEditorManager: Opening Asset editor for Blueprint /Game/Game/DnDQ_GameState.DnDQ_GameState
[2019.06.29-20.00.00:639][491]Cmd: OBJ SAVEPACKAGE PACKAGE="/Game/Game/DnDQ_GameState" FILE="../../../../../../Users/Fruitstrike-L/Documents/GitHub/DnDQ/DnDQ/Content/Game/DnDQ_GameState.uasset" SILENT=true
[2019.06.29-20.00.00:657][491]LogSavePackage: Moving '../../../../../../Users/Fruitstrike-L/Documents/GitHub/DnDQ/DnDQ/Saved/DnDQ_GameState8DCCA6D44720F29AB6813484892D5DE7.tmp' to '../../../../../../Users/Fruitstrike-L/Documents/GitHub/DnDQ/DnDQ/Content/Game/DnDQ_GameState.uasset'
[2019.06.29-20.00.41:705][924]BlueprintLog: New page: Compile GlobalHelpers
[2019.06.29-20.00.41:764][924]LogUObjectHash: Compacting FUObjectHashTables data took   4.75ms
[2019.06.29-20.00.42:488][965]Cmd: OBJ SAVEPACKAGE PACKAGE="/Game/Game/GlobalHelpers" FILE="../../../../../../Users/Fruitstrike-L/Documents/GitHub/DnDQ/DnDQ/Content/Game/GlobalHelpers.uasset" SILENT=true
[2019.06.29-20.00.42:517][965]LogSavePackage: Moving '../../../../../../Users/Fruitstrike-L/Documents/GitHub/DnDQ/DnDQ/Saved/GlobalHelpersC47CB9284024D270A8913CA6A97FCC83.tmp' to '../../../../../../Users/Fruitstrike-L/Documents/GitHub/DnDQ/DnDQ/Content/Game/GlobalHelpers.uasset'
[2019.06.29-20.00.49:266][364]LogActorComponent: UnregisterComponent: (/Engine/Transient.EditorFloorComp) Not registered. Aborting.
[2019.06.29-20.00.49:898][398]LogActorComponent: UnregisterComponent: (/Engine/Transient.EditorFloorComp) Not registered. Aborting.
[2019.06.29-20.01.04:857][282]LogUObjectHash: Compacting FUObjectHashTables data took   5.74ms
[2019.06.29-20.01.05:817][340]LogTemp: Repeating last play command: Selected Viewport
[2019.06.29-20.01.05:869][340]LogBlueprintUserMessages: Early PlayInEditor Detection: Level '/Game/Maps/DnDQ.DnDQ:PersistentLevel' has LevelScriptBlueprint '/Game/Maps/DnDQ.DnDQ:PersistentLevel.DnDQ' with GeneratedClass '/Game/Maps/DnDQ.DnDQ_C' with ClassGeneratedBy '/Game/Maps/DnDQ.DnDQ:PersistentLevel.DnDQ'
[2019.06.29-20.01.05:869][340]LogPlayLevel: PlayLevel: No blueprints needed recompiling
[2019.06.29-20.01.05:869][340]PIE: New page: PIE session: DnDQ (Jun 29, 2019, 12:01:05 PM)
[2019.06.29-20.01.05:869][340]LogPlayLevel: Creating play world package: /Game/Maps/UEDPIE_0_DnDQ
[2019.06.29-20.01.05:870][340]LogPlayLevel: PIE: StaticDuplicateObject took: (0.001266s)
[2019.06.29-20.01.05:871][340]LogAIModule: Creating AISystem for world DnDQ
[2019.06.29-20.01.05:871][340]LogPlayLevel: PIE: World Init took: (0.000657s)
[2019.06.29-20.01.05:871][340]LogPlayLevel: PIE: Created PIE world by copying editor world from /Game/Maps/DnDQ.DnDQ to /Game/Maps/UEDPIE_0_DnDQ.DnDQ (0.002060s)
[2019.06.29-20.01.05:942][340]LogUObjectHash: Compacting FUObjectHashTables data took   4.21ms
[2019.06.29-20.01.05:947][340]LogInit: XAudio2 using 'Speakers / Headphones (Realtek Audio)' : 2 channels at 48 kHz using 32 bits per sample (channel mask 0x3)
[2019.06.29-20.01.05:971][340]LogInit: FAudioDevice initialized.
[2019.06.29-20.01.06:008][340]LogLoad: Game class is 'DnDQ_GameMode_C'
[2019.06.29-20.01.06:009][340]LogWorld: Bringing World /Game/Maps/UEDPIE_0_DnDQ.DnDQ up for play (max tick rate 60) at 2019.06.29-16.01.06
[2019.06.29-20.01.06:010][340]LogWorld: Bringing up level for play took: 0.000457
[2019.06.29-20.01.06:023][340]PIE: Play in editor start time for /Game/Maps/UEDPIE_0_DnDQ -0.305
[2019.06.29-20.01.06:023][340]LogBlueprintUserMessages: Late PlayInEditor Detection: Level '/Game/Maps/DnDQ.DnDQ:PersistentLevel' has LevelScriptBlueprint '/Game/Maps/DnDQ.DnDQ:PersistentLevel.DnDQ' with GeneratedClass '/Game/Maps/DnDQ.DnDQ_C' with ClassGeneratedBy '/Game/Maps/DnDQ.DnDQ:PersistentLevel.DnDQ'
[2019.06.29-20.01.08:263][474]LogBlueprintUserMessages: Early EndPlayMap Detection: Level '/Game/Maps/DnDQ.DnDQ:PersistentLevel' has LevelScriptBlueprint '/Game/Maps/DnDQ.DnDQ:PersistentLevel.DnDQ' with GeneratedClass '/Game/Maps/DnDQ.DnDQ_C' with ClassGeneratedBy '/Game/Maps/DnDQ.DnDQ:PersistentLevel.DnDQ'
[2019.06.29-20.01.08:263][474]LogSlate: Updating window title bar state: overlay mode, drag disabled, window buttons hidden, title bar hidden
[2019.06.29-20.01.08:301][474]LogPlayLevel: Display: Shutting down PIE online subsystems
[2019.06.29-20.01.08:301][474]LogBlueprintUserMessages: Late EndPlayMap Detection: Level '/Game/Maps/DnDQ.DnDQ:PersistentLevel' has LevelScriptBlueprint '/Game/Maps/DnDQ.DnDQ:PersistentLevel.DnDQ' with GeneratedClass '/Game/Maps/DnDQ.DnDQ_C' with ClassGeneratedBy '/Game/Maps/DnDQ.DnDQ:PersistentLevel.DnDQ'
[2019.06.29-20.01.08:346][474]LogSlate: Updating window title bar state: overlay mode, drag disabled, window buttons hidden, title bar hidden
[2019.06.29-20.01.08:350][474]LogUObjectHash: Compacting FUObjectHashTables data took   2.24ms
[2019.06.29-20.01.08:368][475]LogPlayLevel: Display: Destroying online subsystem :Context_6
[2019.06.29-20.01.10:152][581]LogBlueprintUserMessages: Early PlayInEditor Detection: Level '/Game/Maps/DnDQ.DnDQ:PersistentLevel' has LevelScriptBlueprint '/Game/Maps/DnDQ.DnDQ:PersistentLevel.DnDQ' with GeneratedClass '/Game/Maps/DnDQ.DnDQ_C' with ClassGeneratedBy '/Game/Maps/DnDQ.DnDQ:PersistentLevel.DnDQ'
[2019.06.29-20.01.10:152][581]LogPlayLevel: PlayLevel: No blueprints needed recompiling
[2019.06.29-20.01.10:152][581]PIE: New page: PIE session: DnDQ (Jun 29, 2019, 12:01:10 PM)
[2019.06.29-20.01.10:152][581]LogPlayLevel: Creating play world package: /Game/Maps/UEDPIE_0_DnDQ
[2019.06.29-20.01.10:153][581]LogPlayLevel: PIE: StaticDuplicateObject took: (0.001159s)
[2019.06.29-20.01.10:154][581]LogAIModule: Creating AISystem for world DnDQ
[2019.06.29-20.01.10:154][581]LogPlayLevel: PIE: World Init took: (0.000656s)
[2019.06.29-20.01.10:154][581]LogPlayLevel: PIE: Created PIE world by copying editor world from /Game/Maps/DnDQ.DnDQ to /Game/Maps/UEDPIE_0_DnDQ.DnDQ (0.002003s)
[2019.06.29-20.01.10:193][581]LogUObjectHash: Compacting FUObjectHashTables data took   2.85ms
[2019.06.29-20.01.10:198][581]LogInit: XAudio2 using 'Speakers / Headphones (Realtek Audio)' : 2 channels at 48 kHz using 32 bits per sample (channel mask 0x3)
[2019.06.29-20.01.10:222][581]LogInit: FAudioDevice initialized.
[2019.06.29-20.01.10:229][581]LogSlate: Updating window title bar state: overlay mode, drag disabled, window buttons hidden, title bar hidden
[2019.06.29-20.01.10:266][581]LogLoad: Game class is 'DnDQ_GameMode_C'
[2019.06.29-20.01.10:267][581]LogWorld: Bringing World /Game/Maps/UEDPIE_0_DnDQ.DnDQ up for play (max tick rate 60) at 2019.06.29-16.01.10
[2019.06.29-20.01.10:268][581]LogWorld: Bringing up level for play took: 0.000667
[2019.06.29-20.01.10:284][581]PIE: Play in editor start time for /Game/Maps/UEDPIE_0_DnDQ -0.045
[2019.06.29-20.01.10:285][581]LogBlueprintUserMessages: Late PlayInEditor Detection: Level '/Game/Maps/DnDQ.DnDQ:PersistentLevel' has LevelScriptBlueprint '/Game/Maps/DnDQ.DnDQ:PersistentLevel.DnDQ' with GeneratedClass '/Game/Maps/DnDQ.DnDQ_C' with ClassGeneratedBy '/Game/Maps/DnDQ.DnDQ:PersistentLevel.DnDQ'
[2019.06.29-20.01.11:818][671]LogSlate: Window 'DnDQ Game Preview Standalone (64-bit/PCD3D_SM5)' being destroyed
[2019.06.29-20.01.11:821][671]LogBlueprintUserMessages: Early EndPlayMap Detection: Level '/Game/Maps/DnDQ.DnDQ:PersistentLevel' has LevelScriptBlueprint '/Game/Maps/DnDQ.DnDQ:PersistentLevel.DnDQ' with GeneratedClass '/Game/Maps/DnDQ.DnDQ_C' with ClassGeneratedBy '/Game/Maps/DnDQ.DnDQ:PersistentLevel.DnDQ'
[2019.06.29-20.01.11:856][671]LogPlayLevel: Display: Shutting down PIE online subsystems
[2019.06.29-20.01.11:856][671]LogBlueprintUserMessages: Late EndPlayMap Detection: Level '/Game/Maps/DnDQ.DnDQ:PersistentLevel' has LevelScriptBlueprint '/Game/Maps/DnDQ.DnDQ:PersistentLevel.DnDQ' with GeneratedClass '/Game/Maps/DnDQ.DnDQ_C' with ClassGeneratedBy '/Game/Maps/DnDQ.DnDQ:PersistentLevel.DnDQ'
[2019.06.29-20.01.11:917][671]LogUObjectHash: Compacting FUObjectHashTables data took   1.88ms
[2019.06.29-20.01.11:936][672]LogPlayLevel: Display: Destroying online subsystem :Context_7
[2019.06.29-20.01.14:950][852]LogAssetEditorManager: Opening Asset editor for Blueprint /Game/Game/DnDQ_GameMode.DnDQ_GameMode
[2019.06.29-20.01.28:711][636]BlueprintLog: New page: Compile DnDQ_GameMode
[2019.06.29-20.01.28:898][636]LogUObjectHash: Compacting FUObjectHashTables data took   2.88ms
[2019.06.29-20.01.29:317][659]Cmd: OBJ SAVEPACKAGE PACKAGE="/Game/Game/DnDQ_GameMode" FILE="../../../../../../Users/Fruitstrike-L/Documents/GitHub/DnDQ/DnDQ/Content/Game/DnDQ_GameMode.uasset" SILENT=true
[2019.06.29-20.01.29:344][659]LogSavePackage: Moving '../../../../../../Users/Fruitstrike-L/Documents/GitHub/DnDQ/DnDQ/Saved/DnDQ_GameModeC44513BE441A14301A82F3978D60AD76.tmp' to '../../../../../../Users/Fruitstrike-L/Documents/GitHub/DnDQ/DnDQ/Content/Game/DnDQ_GameMode.uasset'
[2019.06.29-20.01.30:428][723]LogTemp: Repeating last play command: New Editor Window (PIE)
[2019.06.29-20.01.30:448][723]LogBlueprintUserMessages: Early PlayInEditor Detection: Level '/Game/Maps/DnDQ.DnDQ:PersistentLevel' has LevelScriptBlueprint '/Game/Maps/DnDQ.DnDQ:PersistentLevel.DnDQ' with GeneratedClass '/Game/Maps/DnDQ.DnDQ_C' with ClassGeneratedBy '/Game/Maps/DnDQ.DnDQ:PersistentLevel.DnDQ'
[2019.06.29-20.01.30:448][723]LogPlayLevel: PlayLevel: No blueprints needed recompiling
[2019.06.29-20.01.30:448][723]PIE: New page: PIE session: DnDQ (Jun 29, 2019, 12:01:30 PM)
[2019.06.29-20.01.30:448][723]LogPlayLevel: Creating play world package: /Game/Maps/UEDPIE_0_DnDQ
[2019.06.29-20.01.30:450][723]LogPlayLevel: PIE: StaticDuplicateObject took: (0.001213s)
[2019.06.29-20.01.30:450][723]LogAIModule: Creating AISystem for world DnDQ
[2019.06.29-20.01.30:450][723]LogPlayLevel: PIE: World Init took: (0.000592s)
[2019.06.29-20.01.30:450][723]LogPlayLevel: PIE: Created PIE world by copying editor world from /Game/Maps/DnDQ.DnDQ to /Game/Maps/UEDPIE_0_DnDQ.DnDQ (0.001919s)
[2019.06.29-20.01.30:491][723]LogUObjectHash: Compacting FUObjectHashTables data took   3.18ms
[2019.06.29-20.01.30:495][723]LogInit: XAudio2 using 'Speakers / Headphones (Realtek Audio)' : 2 channels at 48 kHz using 32 bits per sample (channel mask 0x3)
[2019.06.29-20.01.30:519][723]LogInit: FAudioDevice initialized.
[2019.06.29-20.01.30:526][723]LogSlate: Updating window title bar state: overlay mode, drag disabled, window buttons hidden, title bar hidden
[2019.06.29-20.01.30:562][723]LogLoad: Game class is 'DnDQ_GameMode_C'
[2019.06.29-20.01.30:563][723]LogWorld: Bringing World /Game/Maps/UEDPIE_0_DnDQ.DnDQ up for play (max tick rate 60) at 2019.06.29-16.01.30
[2019.06.29-20.01.30:563][723]LogWorld: Bringing up level for play took: 0.000500
[2019.06.29-20.01.30:576][723]LogGameMode: FindPlayerStart: PATHS NOT DEFINED or NO PLAYERSTART with positive rating
[2019.06.29-20.01.30:577][723]LogBlueprintUserMessages: [DnDQ_GameMode_C_0] Game End!
[2019.06.29-20.01.30:579][723]PIE: Play in editor start time for /Game/Maps/UEDPIE_0_DnDQ 0.25
[2019.06.29-20.01.30:580][723]LogBlueprintUserMessages: Late PlayInEditor Detection: Level '/Game/Maps/DnDQ.DnDQ:PersistentLevel' has LevelScriptBlueprint '/Game/Maps/DnDQ.DnDQ:PersistentLevel.DnDQ' with GeneratedClass '/Game/Maps/DnDQ.DnDQ_C' with ClassGeneratedBy '/Game/Maps/DnDQ.DnDQ:PersistentLevel.DnDQ'
[2019.06.29-20.01.35:366][998]LogBlueprintUserMessages: Early EndPlayMap Detection: Level '/Game/Maps/DnDQ.DnDQ:PersistentLevel' has LevelScriptBlueprint '/Game/Maps/DnDQ.DnDQ:PersistentLevel.DnDQ' with GeneratedClass '/Game/Maps/DnDQ.DnDQ_C' with ClassGeneratedBy '/Game/Maps/DnDQ.DnDQ:PersistentLevel.DnDQ'
[2019.06.29-20.01.35:366][998]LogSlate: Updating window title bar state: overlay mode, drag disabled, window buttons hidden, title bar hidden
[2019.06.29-20.01.35:383][998]LogSlate: Window 'DnDQ Game Preview Standalone (64-bit/PCD3D_SM5)' being destroyed
[2019.06.29-20.01.35:420][998]LogPlayLevel: Display: Shutting down PIE online subsystems
[2019.06.29-20.01.35:421][998]LogBlueprintUserMessages: Late EndPlayMap Detection: Level '/Game/Maps/DnDQ.DnDQ:PersistentLevel' has LevelScriptBlueprint '/Game/Maps/DnDQ.DnDQ:PersistentLevel.DnDQ' with GeneratedClass '/Game/Maps/DnDQ.DnDQ_C' with ClassGeneratedBy '/Game/Maps/DnDQ.DnDQ:PersistentLevel.DnDQ'
[2019.06.29-20.01.35:485][998]LogUObjectHash: Compacting FUObjectHashTables data took   3.67ms
[2019.06.29-20.01.35:507][999]LogPlayLevel: Display: Destroying online subsystem :Context_9
